#
# There is insufficient memory for the Java Runtime Environment to continue.
# Native memory allocation (mmap) failed to map 65536 bytes for Failed to commit metaspace.
# Possible reasons:
#   The system is out of physical RAM or swap space
#   The process is running with CompressedOops enabled, and the Java Heap may be blocking the growth of the native heap
# Possible solutions:
#   Reduce memory load on the system
#   Increase physical memory or swap space
#   Check if swap backing store is full
#   Decrease Java heap size (-Xmx/-Xms)
#   Decrease number of Java threads
#   Decrease Java thread stack sizes (-Xss)
#   Set larger code cache with -XX:ReservedCodeCacheSize=
#   JVM is running with Unscaled Compressed Oops mode in which the Java heap is
#     placed in the first 4GB address space. The Java Heap base address is the
#     maximum limit for the native heap growth. Please use -XX:HeapBaseMinAddress
#     to set the Java Heap base and to place the Java Heap above 4GB virtual address.
# This output file may be truncated or incomplete.
#
#  Out of Memory Error (virtualSpaceNode.cpp:110), pid=10396, tid=10260
#
# JRE version: OpenJDK Runtime Environment Temurin-17.0.7+7 (17.0.7+7) (build 17.0.7+7)
# Java VM: OpenJDK 64-Bit Server VM Temurin-17.0.7+7 (17.0.7+7, mixed mode, tiered, compressed oops, compressed class ptrs, parallel gc, windows-amd64)
# No core dump will be written. Minidumps are not enabled by default on client versions of Windows
#

---------------  S U M M A R Y ------------

Command Line: --add-modules=ALL-SYSTEM --add-opens=java.base/java.util=ALL-UNNAMED --add-opens=java.base/java.lang=ALL-UNNAMED --add-opens=java.base/sun.nio.fs=ALL-UNNAMED -Declipse.application=org.eclipse.jdt.ls.core.id1 -Dosgi.bundles.defaultStartLevel=4 -Declipse.product=org.eclipse.jdt.ls.core.product -Djava.import.generatesMetadataFilesAtProjectRoot=false -Dfile.encoding=utf8 -XX:+UseParallelGC -XX:GCTimeRatio=4 -XX:AdaptiveSizePolicyWeight=90 -Dsun.zip.disableMemoryMapping=true -Xmx1G -Xms100m -Xlog:disable -javaagent:c:\Users\13582\.vscode\extensions\redhat.java-1.21.0-win32-x64\lombok\lombok-1.18.28.jar -XX:+HeapDumpOnOutOfMemoryError -XX:HeapDumpPath=c:\Users\13582\AppData\Roaming\Code\User\workspaceStorage\07d659304832dd2c990307c325d8111e\redhat.java -Daether.dependencyCollector.impl=bf c:\Users\13582\.vscode\extensions\redhat.java-1.21.0-win32-x64\server\plugins\org.eclipse.equinox.launcher_1.6.500.v20230717-2134.jar -configuration c:\Users\13582\AppData\Roaming\Code\User\globalStorage\redhat.java\1.21.0\config_win -data c:\Users\13582\AppData\Roaming\Code\User\workspaceStorage\07d659304832dd2c990307c325d8111e\redhat.java\jdt_ws

Host: Intel(R) Core(TM) i5-8250U CPU @ 1.60GHz, 8 cores, 7G,  Windows 11 , 64 bit Build 22621 (10.0.22621.1245)
Time: Tue Aug 29 15:02:00 2023  Windows 11 , 64 bit Build 22621 (10.0.22621.1245) elapsed time: 8.032223 seconds (0d 0h 0m 8s)

---------------  T H R E A D  ---------------

Current thread (0x0000023c1d037760):  JavaThread "Start Level: Equinox Container: 5d99b934-8e7b-4aa5-9db1-93c11fe7d603" daemon [_thread_in_vm, id=10260, stack(0x000000e4d1e00000,0x000000e4d1f00000)]

Stack: [0x000000e4d1e00000,0x000000e4d1f00000]
Native frames: (J=compiled Java code, j=interpreted, Vv=VM code, C=native code)
V  [jvm.dll+0x67754a]
V  [jvm.dll+0x834304]
V  [jvm.dll+0x835aae]
V  [jvm.dll+0x836113]
V  [jvm.dll+0x24696f]
V  [jvm.dll+0x83039b]
V  [jvm.dll+0x61c006]
V  [jvm.dll+0x61c06a]
V  [jvm.dll+0x61e89a]
V  [jvm.dll+0x61c9a6]
V  [jvm.dll+0x626887]
V  [jvm.dll+0x1eb47b]
V  [jvm.dll+0x1eb9b5]
V  [jvm.dll+0x1ec3ef]
V  [jvm.dll+0x1e1891]
V  [jvm.dll+0x53ea50]
V  [jvm.dll+0x1f2067]
V  [jvm.dll+0x7af05b]
V  [jvm.dll+0x7b0402]
V  [jvm.dll+0x7b0b99]
V  [jvm.dll+0x1ec6a4]
V  [jvm.dll+0x1e18aa]
V  [jvm.dll+0x53ea50]
V  [jvm.dll+0x1f2067]
V  [jvm.dll+0x7af05b]
V  [jvm.dll+0x7b0402]
V  [jvm.dll+0x7b0b99]
V  [jvm.dll+0x1ec6a4]
V  [jvm.dll+0x1e18aa]
V  [jvm.dll+0x53ea50]
V  [jvm.dll+0x1f2067]
V  [jvm.dll+0x7af05b]
V  [jvm.dll+0x7b0402]
V  [jvm.dll+0x7b0738]
V  [jvm.dll+0x23ec6e]
V  [jvm.dll+0x380a4e]
C  0x0000023c0c79ae05

Java frames: (J=compiled Java code, j=interpreted, Vv=VM code)
j  com.sun.org.apache.xerces.internal.dom.DeferredDocumentImpl.getNodeObject(I)Lcom/sun/org/apache/xerces/internal/dom/DeferredNode;+438 java.xml@17.0.7
j  com.sun.org.apache.xerces.internal.dom.DeferredDocumentImpl.synchronizeChildren(Lcom/sun/org/apache/xerces/internal/dom/ParentNode;I)V+37 java.xml@17.0.7
j  com.sun.org.apache.xerces.internal.dom.DeferredElementImpl.synchronizeChildren()V+14 java.xml@17.0.7
j  com.sun.org.apache.xerces.internal.dom.ParentNode.hasChildNodes()Z+8 java.xml@17.0.7
j  com.sun.org.apache.xerces.internal.dom.DeepNodeListImpl.nextMatchingElementAfter(Lorg/w3c/dom/Node;)Lorg/w3c/dom/Node;+5 java.xml@17.0.7
j  com.sun.org.apache.xerces.internal.dom.DeepNodeListImpl.item(I)Lorg/w3c/dom/Node;+112 java.xml@17.0.7
j  com.sun.org.apache.xerces.internal.dom.DeepNodeListImpl.getLength()I+3 java.xml@17.0.7
j  org.eclipse.jdt.internal.core.JavaProject.decodeClasspath(Ljava/lang/String;Ljava/util/Map;)[[Lorg/eclipse/jdt/core/IClasspathEntry;+121
j  org.eclipse.jdt.internal.core.JavaProject.readFileEntriesWithException(Ljava/util/Map;)[[Lorg/eclipse/jdt/core/IClasspathEntry;+204
j  org.eclipse.jdt.internal.core.JavaModelManager$PerProjectInfo.readAndCacheClasspath(Lorg/eclipse/jdt/internal/core/JavaProject;)[[Lorg/eclipse/jdt/core/IClasspathEntry;+2
j  org.eclipse.jdt.internal.core.JavaProject.resolveClasspath(Lorg/eclipse/jdt/internal/core/JavaModelManager$PerProjectInfo;ZZ)V+72
j  org.eclipse.jdt.internal.core.DeltaProcessingState.getRootInfos(Z)Lorg/eclipse/jdt/internal/core/DeltaProcessingState$RootInfos;+67
j  org.eclipse.jdt.internal.core.DeltaProcessingState.initializeRootsWithPreviousSession()V+2
j  org.eclipse.jdt.internal.core.JavaModelManager.startup()V+141
j  org.eclipse.jdt.core.JavaCore.start(Lorg/osgi/framework/BundleContext;)V+12
j  org.eclipse.osgi.internal.framework.BundleContextImpl$2.run()Ljava/lang/Void;+23
j  org.eclipse.osgi.internal.framework.BundleContextImpl$2.run()Ljava/lang/Object;+1
j  java.security.AccessController.executePrivileged(Ljava/security/PrivilegedExceptionAction;Ljava/security/AccessControlContext;Ljava/lang/Class;)Ljava/lang/Object;+29 java.base@17.0.7
j  java.security.AccessController.doPrivileged(Ljava/security/PrivilegedExceptionAction;)Ljava/lang/Object;+9 java.base@17.0.7
j  org.eclipse.osgi.internal.framework.BundleContextImpl.startActivator(Lorg/osgi/framework/BundleActivator;)V+9
j  org.eclipse.osgi.internal.framework.BundleContextImpl.start()V+134
j  org.eclipse.osgi.internal.framework.EquinoxBundle.startWorker0()V+35
j  org.eclipse.osgi.internal.framework.EquinoxBundle$EquinoxModule.startWorker()V+4
j  org.eclipse.osgi.container.Module.doStart([Lorg/eclipse/osgi/container/Module$StartOptions;)Lorg/eclipse/osgi/container/ModuleContainerAdaptor$ModuleEvent;+190
J 2141 c1 org.eclipse.osgi.container.Module.start([Lorg/eclipse/osgi/container/Module$StartOptions;)V (655 bytes) @ 0x0000023c056764d4 [0x0000023c05674160+0x0000000000002374]
J 2166 c1 org.eclipse.osgi.framework.util.SecureAction.start(Lorg/eclipse/osgi/container/Module;[Lorg/eclipse/osgi/container/Module$StartOptions;)V (61 bytes) @ 0x0000023c056810cc [0x0000023c05680c40+0x000000000000048c]
J 1970 c1 org.eclipse.osgi.internal.hooks.EclipseLazyStarter.postFindLocalClass(Ljava/lang/String;Ljava/lang/Class;Lorg/eclipse/osgi/internal/loader/classpath/ClasspathManager;)V (394 bytes) @ 0x0000023c0560e9dc [0x0000023c0560da60+0x0000000000000f7c]
J 1723 c1 org.eclipse.osgi.internal.loader.classpath.ClasspathManager.findLocalClass(Ljava/lang/String;)Ljava/lang/Class; (210 bytes) @ 0x0000023c05578254 [0x0000023c055772a0+0x0000000000000fb4]
J 1721 c1 org.eclipse.osgi.internal.loader.BundleLoader.findLocalClass(Ljava/lang/String;)Ljava/lang/Class; (152 bytes) @ 0x0000023c055753ec [0x0000023c05574ba0+0x000000000000084c]
J 1999 c1 org.eclipse.osgi.internal.loader.sources.SingleSourcePackage.loadClass(Ljava/lang/String;)Ljava/lang/Class; (9 bytes) @ 0x0000023c05623c3c [0x0000023c05623b40+0x00000000000000fc]
J 1651 c1 org.eclipse.osgi.internal.loader.BundleLoader.findClass0(Ljava/lang/String;ZZ)Ljava/lang/Class; (466 bytes) @ 0x0000023c0554689c [0x0000023c055442a0+0x00000000000025fc]
J 1650 c1 org.eclipse.osgi.internal.loader.BundleLoader.findClass(Ljava/lang/String;)Ljava/lang/Class; (8 bytes) @ 0x0000023c0554399c [0x0000023c05543920+0x000000000000007c]
J 1652 c1 org.eclipse.osgi.internal.loader.ModuleClassLoader.loadClass(Ljava/lang/String;Z)Ljava/lang/Class; (36 bytes) @ 0x0000023c055499bc [0x0000023c055497a0+0x000000000000021c]
J 792 c1 java.lang.ClassLoader.loadClass(Ljava/lang/String;)Ljava/lang/Class; java.base@17.0.7 (7 bytes) @ 0x0000023c0539263c [0x0000023c05392540+0x00000000000000fc]
v  ~StubRoutines::call_stub
j  java.lang.Class.getDeclaredConstructors0(Z)[Ljava/lang/reflect/Constructor;+0 java.base@17.0.7
j  java.lang.Class.privateGetDeclaredConstructors(Z)[Ljava/lang/reflect/Constructor;+52 java.base@17.0.7
j  java.lang.Class.getConstructor0([Ljava/lang/Class;I)Ljava/lang/reflect/Constructor;+14 java.base@17.0.7
j  java.lang.Class.getConstructor([Ljava/lang/Class;)Ljava/lang/reflect/Constructor;+24 java.base@17.0.7
j  org.eclipse.osgi.internal.framework.BundleContextImpl.loadBundleActivator()Lorg/osgi/framework/BundleActivator;+105
j  org.eclipse.osgi.internal.framework.BundleContextImpl.start()V+18
j  org.eclipse.osgi.internal.framework.EquinoxBundle.startWorker0()V+35
j  org.eclipse.osgi.internal.framework.EquinoxBundle$EquinoxModule.startWorker()V+4
j  org.eclipse.osgi.container.Module.doStart([Lorg/eclipse/osgi/container/Module$StartOptions;)Lorg/eclipse/osgi/container/ModuleContainerAdaptor$ModuleEvent;+190
j  org.eclipse.osgi.container.Module.start([Lorg/eclipse/osgi/container/Module$StartOptions;)V+460
j  org.eclipse.osgi.container.ModuleContainer$ContainerStartLevel$2.run()V+71
j  org.eclipse.osgi.internal.framework.EquinoxContainerAdaptor$1$1.execute(Ljava/lang/Runnable;)V+1
j  org.eclipse.osgi.container.ModuleContainer$ContainerStartLevel.incStartLevel(ILjava/util/List;Z)V+192
j  org.eclipse.osgi.container.ModuleContainer$ContainerStartLevel.incStartLevel(ILjava/util/List;Ljava/util/List;Ljava/util/List;Ljava/util/List;)V+19
j  org.eclipse.osgi.container.ModuleContainer$ContainerStartLevel.doContainerStartLevel(Lorg/eclipse/osgi/container/Module;I[Lorg/osgi/framework/FrameworkListener;)V+349
j  org.eclipse.osgi.container.ModuleContainer$ContainerStartLevel.dispatchEvent(Lorg/eclipse/osgi/container/Module;[Lorg/osgi/framework/FrameworkListener;ILjava/lang/Integer;)V+32
j  org.eclipse.osgi.container.ModuleContainer$ContainerStartLevel.dispatchEvent(Ljava/lang/Object;Ljava/lang/Object;ILjava/lang/Object;)V+15
j  org.eclipse.osgi.framework.eventmgr.EventManager.dispatchEvent(Ljava/util/Set;Lorg/eclipse/osgi/framework/eventmgr/EventDispatcher;ILjava/lang/Object;)V+48
j  org.eclipse.osgi.framework.eventmgr.EventManager$EventThread.run()V+26
v  ~StubRoutines::call_stub

---------------  P R O C E S S  ---------------

Threads class SMR info:
_java_thread_list=0x0000023c1d793480, length=25, elements={
0x0000023c025e2bd0, 0x0000023c16442020, 0x0000023c16443ae0, 0x0000023c1b5c5020,
0x0000023c1644c100, 0x0000023c1b5de710, 0x0000023c1b5defd0, 0x0000023c1b5dff90,
0x0000023c1b5e0890, 0x0000023c1b5e1190, 0x0000023c1b6ffe90, 0x0000023c1b894a80,
0x0000023c1cbb9d40, 0x0000023c1d1cd990, 0x0000023c1d037760, 0x0000023c1d274ef0,
0x0000023c1ce0e3b0, 0x0000023c1cfe0fc0, 0x0000023c1cfeda70, 0x0000023c1c8ae230,
0x0000023c1c8ab210, 0x0000023c1c8aca20, 0x0000023c1ddd81f0, 0x0000023c1e263640,
0x0000023c1c8ae700
}

Java Threads: ( => current thread )
  0x0000023c025e2bd0 JavaThread "main" [_thread_blocked, id=4136, stack(0x000000e4d0600000,0x000000e4d0700000)]
  0x0000023c16442020 JavaThread "Reference Handler" daemon [_thread_blocked, id=9980, stack(0x000000e4d0900000,0x000000e4d0a00000)]
  0x0000023c16443ae0 JavaThread "Finalizer" daemon [_thread_blocked, id=13780, stack(0x000000e4d0a00000,0x000000e4d0b00000)]
  0x0000023c1b5c5020 JavaThread "Signal Dispatcher" daemon [_thread_blocked, id=14632, stack(0x000000e4d0b00000,0x000000e4d0c00000)]
  0x0000023c1644c100 JavaThread "Attach Listener" daemon [_thread_blocked, id=5036, stack(0x000000e4d0c00000,0x000000e4d0d00000)]
  0x0000023c1b5de710 JavaThread "Service Thread" daemon [_thread_blocked, id=15396, stack(0x000000e4d0d00000,0x000000e4d0e00000)]
  0x0000023c1b5defd0 JavaThread "Monitor Deflation Thread" daemon [_thread_blocked, id=2888, stack(0x000000e4d0e00000,0x000000e4d0f00000)]
  0x0000023c1b5dff90 JavaThread "C2 CompilerThread0" daemon [_thread_in_native, id=2272, stack(0x000000e4d0f00000,0x000000e4d1000000)]
  0x0000023c1b5e0890 JavaThread "C1 CompilerThread0" daemon [_thread_blocked, id=9756, stack(0x000000e4d1000000,0x000000e4d1100000)]
  0x0000023c1b5e1190 JavaThread "Sweeper thread" daemon [_thread_blocked, id=10728, stack(0x000000e4d1100000,0x000000e4d1200000)]
  0x0000023c1b6ffe90 JavaThread "Common-Cleaner" daemon [_thread_blocked, id=1032, stack(0x000000e4d1200000,0x000000e4d1300000)]
  0x0000023c1b894a80 JavaThread "Notification Thread" daemon [_thread_blocked, id=14616, stack(0x000000e4d1300000,0x000000e4d1400000)]
  0x0000023c1cbb9d40 JavaThread "Active Thread: Equinox Container: 5d99b934-8e7b-4aa5-9db1-93c11fe7d603" [_thread_blocked, id=9248, stack(0x000000e4d1600000,0x000000e4d1700000)]
  0x0000023c1d1cd990 JavaThread "Framework Event Dispatcher: Equinox Container: 5d99b934-8e7b-4aa5-9db1-93c11fe7d603" daemon [_thread_blocked, id=16048, stack(0x000000e4d1d00000,0x000000e4d1e00000)]
=>0x0000023c1d037760 JavaThread "Start Level: Equinox Container: 5d99b934-8e7b-4aa5-9db1-93c11fe7d603" daemon [_thread_in_vm, id=10260, stack(0x000000e4d1e00000,0x000000e4d1f00000)]
  0x0000023c1d274ef0 JavaThread "SCR Component Actor" daemon [_thread_blocked, id=1972, stack(0x000000e4d1f00000,0x000000e4d2000000)]
  0x0000023c1ce0e3b0 JavaThread "SCR Component Registry" daemon [_thread_blocked, id=8352, stack(0x000000e4d2000000,0x000000e4d2100000)]
  0x0000023c1cfe0fc0 JavaThread "Worker-JM" [_thread_blocked, id=4276, stack(0x000000e4d2100000,0x000000e4d2200000)]
  0x0000023c1cfeda70 JavaThread "Worker-0: Repository registry initialization" [_thread_blocked, id=5988, stack(0x000000e4d2200000,0x000000e4d2300000)]
  0x0000023c1c8ae230 JavaThread "Worker-1: Refreshing workspace" [_thread_in_vm, id=6608, stack(0x000000e4d2300000,0x000000e4d2400000)]
  0x0000023c1c8ab210 JavaThread "Worker-2: Updating Maven Dependencies" [_thread_in_vm, id=8088, stack(0x000000e4d2400000,0x000000e4d2500000)]
  0x0000023c1c8aca20 JavaThread "Worker-3: Updating workspace" [_thread_blocked, id=14096, stack(0x000000e4d2500000,0x000000e4d2600000)]
  0x0000023c1ddd81f0 JavaThread "C2 CompilerThread1" daemon [_thread_in_native, id=15528, stack(0x000000e4d2600000,0x000000e4d2700000)]
  0x0000023c1e263640 JavaThread "C2 CompilerThread2" daemon [_thread_in_native, id=9404, stack(0x000000e4d2700000,0x000000e4d2800000)]
  0x0000023c1c8ae700 JavaThread "Worker-4" [_thread_in_vm, id=15336, stack(0x000000e4d2800000,0x000000e4d2900000)]

Other Threads:
  0x0000023c1b5914b0 VMThread "VM Thread" [stack: 0x000000e4d0800000,0x000000e4d0900000] [id=9080]
  0x0000023c1b94df30 WatcherThread [stack: 0x000000e4d1400000,0x000000e4d1500000] [id=4592]
  0x0000023c025f5880 GCTaskThread "GC Thread#0" [stack: 0x000000e4d0700000,0x000000e4d0800000] [id=9200]
  0x0000023c1cce1a20 GCTaskThread "GC Thread#1" [stack: 0x000000e4d1700000,0x000000e4d1800000] [id=6468]
  0x0000023c1cdc5b50 GCTaskThread "GC Thread#2" [stack: 0x000000e4d1800000,0x000000e4d1900000] [id=15276]
  0x0000023c1cd095c0 GCTaskThread "GC Thread#3" [stack: 0x000000e4d1900000,0x000000e4d1a00000] [id=8840]
  0x0000023c1cd09870 GCTaskThread "GC Thread#4" [stack: 0x000000e4d1a00000,0x000000e4d1b00000] [id=8808]
  0x0000023c1cd09b20 GCTaskThread "GC Thread#5" [stack: 0x000000e4d1b00000,0x000000e4d1c00000] [id=2860]
  0x0000023c1cd09dd0 GCTaskThread "GC Thread#6" [stack: 0x000000e4d1c00000,0x000000e4d1d00000] [id=3264]
  0x0000023c1cf2f3d0 GCTaskThread "GC Thread#7" [stack: 0x000000e4d1500000,0x000000e4d1600000] [id=1768]

Threads with active compile tasks:
C2 CompilerThread0     8178 2929   !   4       java.util.zip.ZipFile$Source::getEntryPos (173 bytes)
C2 CompilerThread1     8178 2864       4       org.objectweb.asm.ClassReader::readMethod (1066 bytes)
C2 CompilerThread2     8178 2926       4       java.util.zip.ZipCoder::hash (36 bytes)

VM state: not at safepoint (normal execution)

VM Mutex/Monitor currently owned by a thread:  ([mutex/lock_event])
[0x0000023c025dbaf0] Metaspace_lock - owner thread: 0x0000023c1d037760
[0x0000023c025dbd80] MethodData_lock - owner thread: 0x0000023c1c8ae230

Heap address: 0x00000000c0000000, size: 1024 MB, Compressed Oops mode: 32-bit

CDS archive(s) not mapped
Compressed class space mapped at: 0x0000000100000000-0x0000000140000000, reserved size: 1073741824
Narrow klass base: 0x0000000000000000, Narrow klass shift: 3, Narrow klass range: 0x140000000

GC Precious Log:
 CPUs: 8 total, 8 available
 Memory: 8108M
 Large Page Support: Disabled
 NUMA Support: Disabled
 Compressed Oops: Enabled (32-bit)
 Alignments: Space 512K, Generation 512K, Heap 2M
 Heap Min Capacity: 100M
 Heap Initial Capacity: 100M
 Heap Max Capacity: 1G
 Pre-touch: Disabled
 Parallel Workers: 8

Heap:
 PSYoungGen      total 27136K, used 10656K [0x00000000eab00000, 0x00000000ec980000, 0x0000000100000000)
  eden space 24064K, 31% used [0x00000000eab00000,0x00000000eb26a308,0x00000000ec280000)
  from space 3072K, 99% used [0x00000000ec400000,0x00000000ec6fdd18,0x00000000ec700000)
  to   space 2560K, 0% used [0x00000000ec700000,0x00000000ec700000,0x00000000ec980000)
 ParOldGen       total 68608K, used 8327K [0x00000000c0000000, 0x00000000c4300000, 0x00000000eab00000)
  object space 68608K, 12% used [0x00000000c0000000,0x00000000c0821d48,0x00000000c4300000)
 Metaspace       used 31256K, committed 31808K, reserved 1114112K
  class space    used 3084K, committed 3328K, reserved 1048576K

Card table byte_map: [0x0000023c01f70000,0x0000023c02180000] _byte_map_base: 0x0000023c01970000

Marking Bits: (ParMarkBitMap*) 0x00007fff12c752c0
 Begin Bits: [0x0000023c14250000, 0x0000023c15250000)
 End Bits:   [0x0000023c15250000, 0x0000023c16250000)

Polling page: 0x0000023c00490000

Metaspace:

Usage:
  Non-class:     27.51 MB used.
      Class:      3.01 MB used.
       Both:     30.52 MB used.

Virtual space:
  Non-class space:       64.00 MB reserved,      27.81 MB ( 43%) committed,  1 nodes.
      Class space:        1.00 GB reserved,       3.25 MB ( <1%) committed,  1 nodes.
             Both:        1.06 GB reserved,      31.06 MB (  3%) committed. 

Chunk freelists:
   Non-Class:  4.17 MB
       Class:  12.78 MB
        Both:  16.95 MB

MaxMetaspaceSize: unlimited
CompressedClassSpaceSize: 1.00 GB
Initial GC threshold: 21.00 MB
Current GC threshold: 35.00 MB
CDS: off
MetaspaceReclaimPolicy: balanced
 - commit_granule_bytes: 65536.
 - commit_granule_words: 8192.
 - virtual_space_node_default_size: 8388608.
 - enlarge_chunks_in_place: 1.
 - new_chunks_are_fully_committed: 0.
 - uncommit_free_chunks: 1.
 - use_allocation_guard: 0.
 - handle_deallocations: 1.


Internal statistics:

num_allocs_failed_limit: 3.
num_arena_births: 312.
num_arena_deaths: 14.
num_vsnodes_births: 2.
num_vsnodes_deaths: 0.
num_space_committed: 497.
num_space_uncommitted: 0.
num_chunks_returned_to_freelist: 17.
num_chunks_taken_from_freelist: 1228.
num_chunk_merges: 7.
num_chunk_splits: 801.
num_chunks_enlarged: 522.
num_inconsistent_stats: 0.

CodeHeap 'non-profiled nmethods': size=120000Kb used=1247Kb max_used=1247Kb free=118753Kb
 bounds [0x0000023c0cd20000, 0x0000023c0cf90000, 0x0000023c14250000]
CodeHeap 'profiled nmethods': size=120000Kb used=5956Kb max_used=5956Kb free=114043Kb
 bounds [0x0000023c05250000, 0x0000023c05830000, 0x0000023c0c780000]
CodeHeap 'non-nmethods': size=5760Kb used=1252Kb max_used=1280Kb free=4508Kb
 bounds [0x0000023c0c780000, 0x0000023c0c9f0000, 0x0000023c0cd20000]
 total_blobs=3522 nmethods=2953 adapters=483
 compilation: enabled
              stopped_count=0, restarted_count=0
 full_count=0

Compilation events (20 events):
Event: 7.940 Thread 0x0000023c1b5e0890 2948       1       org.eclipse.core.internal.resources.ResourceInfo::getModificationStamp (5 bytes)
Event: 7.940 Thread 0x0000023c1b5e0890 nmethod 2948 0x0000023c0ce54c10 code [0x0000023c0ce54da0, 0x0000023c0ce54e78]
Event: 7.940 Thread 0x0000023c1b5e0890 2950       1       org.eclipse.core.internal.resources.ResourceInfo::getLocalSyncInfo (5 bytes)
Event: 7.941 Thread 0x0000023c1b5e0890 nmethod 2950 0x0000023c0ce54f10 code [0x0000023c0ce550a0, 0x0000023c0ce55178]
Event: 7.941 Thread 0x0000023c1b5e0890 2953       3       org.eclipse.core.filesystem.provider.FileInfo::exists (7 bytes)
Event: 7.943 Thread 0x0000023c1b5e0890 nmethod 2953 0x0000023c0581d390 code [0x0000023c0581d540, 0x0000023c0581d688]
Event: 7.944 Thread 0x0000023c1b5e0890 2954       3       org.eclipse.core.internal.localstore.UnifiedTree::isChildrenMarker (11 bytes)
Event: 7.946 Thread 0x0000023c1b5e0890 nmethod 2954 0x0000023c0581d710 code [0x0000023c0581d8a0, 0x0000023c0581da18]
Event: 7.946 Thread 0x0000023c1b5e0890 2955       3       org.eclipse.core.runtime.SubMonitor::cleanupActiveChild (22 bytes)
Event: 7.948 Thread 0x0000023c1b5e0890 nmethod 2955 0x0000023c0581da90 code [0x0000023c0581dc40, 0x0000023c0581de28]
Event: 7.949 Thread 0x0000023c1b5e0890 2957       3       org.eclipse.core.runtime.SubMonitor::consume (134 bytes)
Event: 7.953 Thread 0x0000023c1b5e0890 nmethod 2957 0x0000023c0581df10 code [0x0000023c0581e0e0, 0x0000023c0581e598]
Event: 7.953 Thread 0x0000023c1b5e0890 2956       3       org.eclipse.core.internal.localstore.UnifiedTree::isLevelMarker (11 bytes)
Event: 7.954 Thread 0x0000023c1b5e0890 nmethod 2956 0x0000023c0581e690 code [0x0000023c0581e820, 0x0000023c0581e998]
Event: 7.955 Thread 0x0000023c1b5e0890 2959   !   3       com.sun.org.apache.xerces.internal.parsers.XML11Configuration::setProperty (160 bytes)
Event: 7.957 Thread 0x0000023c1b5e0890 nmethod 2959 0x0000023c0581ea10 code [0x0000023c0581ed00, 0x0000023c0581ff78]
Event: 7.958 Thread 0x0000023c1b5e0890 2958       3       org.eclipse.core.runtime.SubMonitor::isCanceled (20 bytes)
Event: 7.959 Thread 0x0000023c1b5e0890 nmethod 2958 0x0000023c05820410 code [0x0000023c058205c0, 0x0000023c05820868]
Event: 7.985 Thread 0x0000023c1b5e0890 2960       3       com.sun.org.apache.xerces.internal.impl.XMLEntityScanner::checkNodeCount (22 bytes)
Event: 7.987 Thread 0x0000023c1b5e0890 nmethod 2960 0x0000023c05820990 code [0x0000023c05820b40, 0x0000023c05820d28]

GC Heap History (16 events):
Event: 2.488 GC heap before
{Heap before GC invocations=1 (full 0):
 PSYoungGen      total 29696K, used 25600K [0x00000000eab00000, 0x00000000ecc00000, 0x0000000100000000)
  eden space 25600K, 100% used [0x00000000eab00000,0x00000000ec400000,0x00000000ec400000)
  from space 4096K, 0% used [0x00000000ec800000,0x00000000ec800000,0x00000000ecc00000)
  to   space 4096K, 0% used [0x00000000ec400000,0x00000000ec400000,0x00000000ec800000)
 ParOldGen       total 68608K, used 0K [0x00000000c0000000, 0x00000000c4300000, 0x00000000eab00000)
  object space 68608K, 0% used [0x00000000c0000000,0x00000000c0000000,0x00000000c4300000)
 Metaspace       used 11190K, committed 11392K, reserved 1114112K
  class space    used 1122K, committed 1216K, reserved 1048576K
}
Event: 2.497 GC heap after
{Heap after GC invocations=1 (full 0):
 PSYoungGen      total 29696K, used 3345K [0x00000000eab00000, 0x00000000ecc00000, 0x0000000100000000)
  eden space 25600K, 0% used [0x00000000eab00000,0x00000000eab00000,0x00000000ec400000)
  from space 4096K, 81% used [0x00000000ec400000,0x00000000ec7444b0,0x00000000ec800000)
  to   space 4096K, 0% used [0x00000000ec800000,0x00000000ec800000,0x00000000ecc00000)
 ParOldGen       total 68608K, used 16K [0x00000000c0000000, 0x00000000c4300000, 0x00000000eab00000)
  object space 68608K, 0% used [0x00000000c0000000,0x00000000c0004000,0x00000000c4300000)
 Metaspace       used 11190K, committed 11392K, reserved 1114112K
  class space    used 1122K, committed 1216K, reserved 1048576K
}
Event: 3.874 GC heap before
{Heap before GC invocations=2 (full 0):
 PSYoungGen      total 29696K, used 28945K [0x00000000eab00000, 0x00000000ecc00000, 0x0000000100000000)
  eden space 25600K, 100% used [0x00000000eab00000,0x00000000ec400000,0x00000000ec400000)
  from space 4096K, 81% used [0x00000000ec400000,0x00000000ec7444b0,0x00000000ec800000)
  to   space 4096K, 0% used [0x00000000ec800000,0x00000000ec800000,0x00000000ecc00000)
 ParOldGen       total 68608K, used 16K [0x00000000c0000000, 0x00000000c4300000, 0x00000000eab00000)
  object space 68608K, 0% used [0x00000000c0000000,0x00000000c0004000,0x00000000c4300000)
 Metaspace       used 15001K, committed 15296K, reserved 1114112K
  class space    used 1522K, committed 1664K, reserved 1048576K
}
Event: 3.885 GC heap after
{Heap after GC invocations=2 (full 0):
 PSYoungGen      total 29696K, used 4070K [0x00000000eab00000, 0x00000000ecc00000, 0x0000000100000000)
  eden space 25600K, 0% used [0x00000000eab00000,0x00000000eab00000,0x00000000ec400000)
  from space 4096K, 99% used [0x00000000ec800000,0x00000000ecbf99a0,0x00000000ecc00000)
  to   space 4096K, 0% used [0x00000000ec400000,0x00000000ec400000,0x00000000ec800000)
 ParOldGen       total 68608K, used 1542K [0x00000000c0000000, 0x00000000c4300000, 0x00000000eab00000)
  object space 68608K, 2% used [0x00000000c0000000,0x00000000c0181b70,0x00000000c4300000)
 Metaspace       used 15001K, committed 15296K, reserved 1114112K
  class space    used 1522K, committed 1664K, reserved 1048576K
}
Event: 5.228 GC heap before
{Heap before GC invocations=3 (full 0):
 PSYoungGen      total 29696K, used 29661K [0x00000000eab00000, 0x00000000ecc00000, 0x0000000100000000)
  eden space 25600K, 99% used [0x00000000eab00000,0x00000000ec3fdde0,0x00000000ec400000)
  from space 4096K, 99% used [0x00000000ec800000,0x00000000ecbf99a0,0x00000000ecc00000)
  to   space 4096K, 0% used [0x00000000ec400000,0x00000000ec400000,0x00000000ec800000)
 ParOldGen       total 68608K, used 1542K [0x00000000c0000000, 0x00000000c4300000, 0x00000000eab00000)
  object space 68608K, 2% used [0x00000000c0000000,0x00000000c0181b70,0x00000000c4300000)
 Metaspace       used 19922K, committed 20288K, reserved 1114112K
  class space    used 2027K, committed 2176K, reserved 1048576K
}
Event: 5.236 GC heap after
{Heap after GC invocations=3 (full 0):
 PSYoungGen      total 29696K, used 4071K [0x00000000eab00000, 0x00000000ecc00000, 0x0000000100000000)
  eden space 25600K, 0% used [0x00000000eab00000,0x00000000eab00000,0x00000000ec400000)
  from space 4096K, 99% used [0x00000000ec400000,0x00000000ec7f9cf8,0x00000000ec800000)
  to   space 4096K, 0% used [0x00000000ec800000,0x00000000ec800000,0x00000000ecc00000)
 ParOldGen       total 68608K, used 3508K [0x00000000c0000000, 0x00000000c4300000, 0x00000000eab00000)
  object space 68608K, 5% used [0x00000000c0000000,0x00000000c036d350,0x00000000c4300000)
 Metaspace       used 19922K, committed 20288K, reserved 1114112K
  class space    used 2027K, committed 2176K, reserved 1048576K
}
Event: 5.535 GC heap before
{Heap before GC invocations=4 (full 0):
 PSYoungGen      total 29696K, used 10814K [0x00000000eab00000, 0x00000000ecc00000, 0x0000000100000000)
  eden space 25600K, 26% used [0x00000000eab00000,0x00000000eb195c18,0x00000000ec400000)
  from space 4096K, 99% used [0x00000000ec400000,0x00000000ec7f9cf8,0x00000000ec800000)
  to   space 4096K, 0% used [0x00000000ec800000,0x00000000ec800000,0x00000000ecc00000)
 ParOldGen       total 68608K, used 3508K [0x00000000c0000000, 0x00000000c4300000, 0x00000000eab00000)
  object space 68608K, 5% used [0x00000000c0000000,0x00000000c036d350,0x00000000c4300000)
 Metaspace       used 21060K, committed 21504K, reserved 1114112K
  class space    used 2149K, committed 2368K, reserved 1048576K
}
Event: 5.540 GC heap after
{Heap after GC invocations=4 (full 0):
 PSYoungGen      total 29696K, used 4086K [0x00000000eab00000, 0x00000000ecc00000, 0x0000000100000000)
  eden space 25600K, 0% used [0x00000000eab00000,0x00000000eab00000,0x00000000ec400000)
  from space 4096K, 99% used [0x00000000ec800000,0x00000000ecbfd990,0x00000000ecc00000)
  to   space 4096K, 0% used [0x00000000ec400000,0x00000000ec400000,0x00000000ec800000)
 ParOldGen       total 68608K, used 4259K [0x00000000c0000000, 0x00000000c4300000, 0x00000000eab00000)
  object space 68608K, 6% used [0x00000000c0000000,0x00000000c0428f28,0x00000000c4300000)
 Metaspace       used 21060K, committed 21504K, reserved 1114112K
  class space    used 2149K, committed 2368K, reserved 1048576K
}
Event: 5.540 GC heap before
{Heap before GC invocations=5 (full 1):
 PSYoungGen      total 29696K, used 4086K [0x00000000eab00000, 0x00000000ecc00000, 0x0000000100000000)
  eden space 25600K, 0% used [0x00000000eab00000,0x00000000eab00000,0x00000000ec400000)
  from space 4096K, 99% used [0x00000000ec800000,0x00000000ecbfd990,0x00000000ecc00000)
  to   space 4096K, 0% used [0x00000000ec400000,0x00000000ec400000,0x00000000ec800000)
 ParOldGen       total 68608K, used 4259K [0x00000000c0000000, 0x00000000c4300000, 0x00000000eab00000)
  object space 68608K, 6% used [0x00000000c0000000,0x00000000c0428f28,0x00000000c4300000)
 Metaspace       used 21060K, committed 21504K, reserved 1114112K
  class space    used 2149K, committed 2368K, reserved 1048576K
}
Event: 5.579 GC heap after
{Heap after GC invocations=5 (full 1):
 PSYoungGen      total 29696K, used 0K [0x00000000eab00000, 0x00000000ecc00000, 0x0000000100000000)
  eden space 25600K, 0% used [0x00000000eab00000,0x00000000eab00000,0x00000000ec400000)
  from space 4096K, 0% used [0x00000000ec800000,0x00000000ec800000,0x00000000ecc00000)
  to   space 4096K, 0% used [0x00000000ec400000,0x00000000ec400000,0x00000000ec800000)
 ParOldGen       total 68608K, used 8181K [0x00000000c0000000, 0x00000000c4300000, 0x00000000eab00000)
  object space 68608K, 11% used [0x00000000c0000000,0x00000000c07fd670,0x00000000c4300000)
 Metaspace       used 21046K, committed 21504K, reserved 1114112K
  class space    used 2146K, committed 2368K, reserved 1048576K
}
Event: 6.489 GC heap before
{Heap before GC invocations=6 (full 1):
 PSYoungGen      total 29696K, used 25600K [0x00000000eab00000, 0x00000000ecc00000, 0x0000000100000000)
  eden space 25600K, 100% used [0x00000000eab00000,0x00000000ec400000,0x00000000ec400000)
  from space 4096K, 0% used [0x00000000ec800000,0x00000000ec800000,0x00000000ecc00000)
  to   space 4096K, 0% used [0x00000000ec400000,0x00000000ec400000,0x00000000ec800000)
 ParOldGen       total 68608K, used 8181K [0x00000000c0000000, 0x00000000c4300000, 0x00000000eab00000)
  object space 68608K, 11% used [0x00000000c0000000,0x00000000c07fd670,0x00000000c4300000)
 Metaspace       used 24477K, committed 25088K, reserved 1114112K
  class space    used 2549K, committed 2816K, reserved 1048576K
}
Event: 6.493 GC heap after
{Heap after GC invocations=6 (full 1):
 PSYoungGen      total 27648K, used 2288K [0x00000000eab00000, 0x00000000eca80000, 0x0000000100000000)
  eden space 25088K, 0% used [0x00000000eab00000,0x00000000eab00000,0x00000000ec380000)
  from space 2560K, 89% used [0x00000000ec400000,0x00000000ec63c248,0x00000000ec680000)
  to   space 3584K, 0% used [0x00000000ec700000,0x00000000ec700000,0x00000000eca80000)
 ParOldGen       total 68608K, used 8189K [0x00000000c0000000, 0x00000000c4300000, 0x00000000eab00000)
  object space 68608K, 11% used [0x00000000c0000000,0x00000000c07ff670,0x00000000c4300000)
 Metaspace       used 24477K, committed 25088K, reserved 1114112K
  class space    used 2549K, committed 2816K, reserved 1048576K
}
Event: 7.087 GC heap before
{Heap before GC invocations=7 (full 1):
 PSYoungGen      total 27648K, used 27376K [0x00000000eab00000, 0x00000000eca80000, 0x0000000100000000)
  eden space 25088K, 100% used [0x00000000eab00000,0x00000000ec380000,0x00000000ec380000)
  from space 2560K, 89% used [0x00000000ec400000,0x00000000ec63c248,0x00000000ec680000)
  to   space 3584K, 0% used [0x00000000ec700000,0x00000000ec700000,0x00000000eca80000)
 ParOldGen       total 68608K, used 8189K [0x00000000c0000000, 0x00000000c4300000, 0x00000000eab00000)
  object space 68608K, 11% used [0x00000000c0000000,0x00000000c07ff670,0x00000000c4300000)
 Metaspace       used 27462K, committed 28096K, reserved 1114112K
  class space    used 2745K, committed 3008K, reserved 1048576K
}
Event: 7.090 GC heap after
{Heap after GC invocations=7 (full 1):
 PSYoungGen      total 27648K, used 2794K [0x00000000eab00000, 0x00000000eca00000, 0x0000000100000000)
  eden space 24576K, 0% used [0x00000000eab00000,0x00000000eab00000,0x00000000ec300000)
  from space 3072K, 90% used [0x00000000ec700000,0x00000000ec9baa78,0x00000000eca00000)
  to   space 3072K, 0% used [0x00000000ec400000,0x00000000ec400000,0x00000000ec700000)
 ParOldGen       total 68608K, used 8197K [0x00000000c0000000, 0x00000000c4300000, 0x00000000eab00000)
  object space 68608K, 11% used [0x00000000c0000000,0x00000000c0801670,0x00000000c4300000)
 Metaspace       used 27462K, committed 28096K, reserved 1114112K
  class space    used 2745K, committed 3008K, reserved 1048576K
}
Event: 7.753 GC heap before
{Heap before GC invocations=8 (full 1):
 PSYoungGen      total 27648K, used 27370K [0x00000000eab00000, 0x00000000eca00000, 0x0000000100000000)
  eden space 24576K, 100% used [0x00000000eab00000,0x00000000ec300000,0x00000000ec300000)
  from space 3072K, 90% used [0x00000000ec700000,0x00000000ec9baa78,0x00000000eca00000)
  to   space 3072K, 0% used [0x00000000ec400000,0x00000000ec400000,0x00000000ec700000)
 ParOldGen       total 68608K, used 8197K [0x00000000c0000000, 0x00000000c4300000, 0x00000000eab00000)
  object space 68608K, 11% used [0x00000000c0000000,0x00000000c0801670,0x00000000c4300000)
 Metaspace       used 30423K, committed 31040K, reserved 1114112K
  class space    used 2986K, committed 3264K, reserved 1048576K
}
Event: 7.757 GC heap after
{Heap after GC invocations=8 (full 1):
 PSYoungGen      total 27136K, used 3063K [0x00000000eab00000, 0x00000000ec980000, 0x0000000100000000)
  eden space 24064K, 0% used [0x00000000eab00000,0x00000000eab00000,0x00000000ec280000)
  from space 3072K, 99% used [0x00000000ec400000,0x00000000ec6fdd18,0x00000000ec700000)
  to   space 2560K, 0% used [0x00000000ec700000,0x00000000ec700000,0x00000000ec980000)
 ParOldGen       total 68608K, used 8327K [0x00000000c0000000, 0x00000000c4300000, 0x00000000eab00000)
  object space 68608K, 12% used [0x00000000c0000000,0x00000000c0821d48,0x00000000c4300000)
 Metaspace       used 30423K, committed 31040K, reserved 1114112K
  class space    used 2986K, committed 3264K, reserved 1048576K
}

Dll operation events (9 events):
Event: 0.031 Loaded shared library c:\Users\13582\.vscode\extensions\redhat.java-1.21.0-win32-x64\jre\17.0.7-win32-x86_64\bin\java.dll
Event: 0.413 Loaded shared library c:\Users\13582\.vscode\extensions\redhat.java-1.21.0-win32-x64\jre\17.0.7-win32-x86_64\bin\zip.dll
Event: 0.445 Loaded shared library C:\Users\13582\.vscode\extensions\redhat.java-1.21.0-win32-x64\jre\17.0.7-win32-x86_64\bin\instrument.dll
Event: 0.483 Loaded shared library C:\Users\13582\.vscode\extensions\redhat.java-1.21.0-win32-x64\jre\17.0.7-win32-x86_64\bin\net.dll
Event: 0.488 Loaded shared library C:\Users\13582\.vscode\extensions\redhat.java-1.21.0-win32-x64\jre\17.0.7-win32-x86_64\bin\nio.dll
Event: 0.508 Loaded shared library C:\Users\13582\.vscode\extensions\redhat.java-1.21.0-win32-x64\jre\17.0.7-win32-x86_64\bin\zip.dll
Event: 0.543 Loaded shared library C:\Users\13582\.vscode\extensions\redhat.java-1.21.0-win32-x64\jre\17.0.7-win32-x86_64\bin\jimage.dll
Event: 0.707 Loaded shared library c:\Users\13582\.vscode\extensions\redhat.java-1.21.0-win32-x64\jre\17.0.7-win32-x86_64\bin\verify.dll
Event: 3.632 Loaded shared library C:\Users\13582\AppData\Roaming\Code\User\globalStorage\redhat.java\1.21.0\config_win\org.eclipse.equinox.launcher\org.eclipse.equinox.launcher.win32.win32.x86_64_1.2.700.v20221108-1024\eclipse_11801.dll

Deoptimization events (20 events):
Event: 6.469 Thread 0x0000023c1d037760 DEOPT PACKING pc=0x0000023c0ce0e738 sp=0x000000e4d1efa430
Event: 6.469 Thread 0x0000023c1d037760 DEOPT UNPACKING pc=0x0000023c0c7d66a3 sp=0x000000e4d1efa3b0 mode 2
Event: 7.478 Thread 0x0000023c1d037760 DEOPT PACKING pc=0x0000023c0554689c sp=0x000000e4d1ef4e20
Event: 7.479 Thread 0x0000023c1d037760 DEOPT UNPACKING pc=0x0000023c0c7d6e43 sp=0x000000e4d1ef4378 mode 0
Event: 7.489 Thread 0x0000023c1c8ab210 Uncommon trap: trap_request=0xffffffde fr.pc=0x0000023c0ce39750 relative=0x00000000000000b0
Event: 7.489 Thread 0x0000023c1c8ab210 Uncommon trap: reason=class_check action=maybe_recompile pc=0x0000023c0ce39750 method=java.lang.Character.codePointAt(Ljava/lang/CharSequence;I)I @ 2 c2
Event: 7.489 Thread 0x0000023c1c8ab210 DEOPT PACKING pc=0x0000023c0ce39750 sp=0x000000e4d24fe5a0
Event: 7.489 Thread 0x0000023c1c8ab210 DEOPT UNPACKING pc=0x0000023c0c7d66a3 sp=0x000000e4d24fe528 mode 2
Event: 7.489 Thread 0x0000023c1c8ab210 Uncommon trap: trap_request=0xffffffde fr.pc=0x0000023c0ce39750 relative=0x00000000000000b0
Event: 7.489 Thread 0x0000023c1c8ab210 Uncommon trap: reason=class_check action=maybe_recompile pc=0x0000023c0ce39750 method=java.lang.Character.codePointAt(Ljava/lang/CharSequence;I)I @ 2 c2
Event: 7.489 Thread 0x0000023c1c8ab210 DEOPT PACKING pc=0x0000023c0ce39750 sp=0x000000e4d24fe5a0
Event: 7.489 Thread 0x0000023c1c8ab210 DEOPT UNPACKING pc=0x0000023c0c7d66a3 sp=0x000000e4d24fe528 mode 2
Event: 7.489 Thread 0x0000023c1c8ab210 Uncommon trap: trap_request=0xffffffde fr.pc=0x0000023c0ce39750 relative=0x00000000000000b0
Event: 7.489 Thread 0x0000023c1c8ab210 Uncommon trap: reason=class_check action=maybe_recompile pc=0x0000023c0ce39750 method=java.lang.Character.codePointAt(Ljava/lang/CharSequence;I)I @ 2 c2
Event: 7.489 Thread 0x0000023c1c8ab210 DEOPT PACKING pc=0x0000023c0ce39750 sp=0x000000e4d24fe5a0
Event: 7.489 Thread 0x0000023c1c8ab210 DEOPT UNPACKING pc=0x0000023c0c7d66a3 sp=0x000000e4d24fe528 mode 2
Event: 7.489 Thread 0x0000023c1c8ab210 Uncommon trap: trap_request=0xffffffde fr.pc=0x0000023c0ce39750 relative=0x00000000000000b0
Event: 7.489 Thread 0x0000023c1c8ab210 Uncommon trap: reason=class_check action=maybe_recompile pc=0x0000023c0ce39750 method=java.lang.Character.codePointAt(Ljava/lang/CharSequence;I)I @ 2 c2
Event: 7.489 Thread 0x0000023c1c8ab210 DEOPT PACKING pc=0x0000023c0ce39750 sp=0x000000e4d24fe5a0
Event: 7.489 Thread 0x0000023c1c8ab210 DEOPT UNPACKING pc=0x0000023c0c7d66a3 sp=0x000000e4d24fe528 mode 2

Classes unloaded (7 events):
Event: 5.547 Thread 0x0000023c1b5914b0 Unloading class 0x000000010021a000 'java/lang/invoke/LambdaForm$MH+0x000000010021a000'
Event: 5.547 Thread 0x0000023c1b5914b0 Unloading class 0x0000000100219c00 'java/lang/invoke/LambdaForm$MH+0x0000000100219c00'
Event: 5.547 Thread 0x0000023c1b5914b0 Unloading class 0x0000000100219800 'java/lang/invoke/LambdaForm$MH+0x0000000100219800'
Event: 5.547 Thread 0x0000023c1b5914b0 Unloading class 0x0000000100219400 'java/lang/invoke/LambdaForm$MH+0x0000000100219400'
Event: 5.547 Thread 0x0000023c1b5914b0 Unloading class 0x0000000100219000 'java/lang/invoke/LambdaForm$BMH+0x0000000100219000'
Event: 5.547 Thread 0x0000023c1b5914b0 Unloading class 0x0000000100218c00 'java/lang/invoke/LambdaForm$DMH+0x0000000100218c00'
Event: 5.547 Thread 0x0000023c1b5914b0 Unloading class 0x0000000100216000 'java/lang/invoke/LambdaForm$DMH+0x0000000100216000'

Classes redefined (0 events):
No events

Internal exceptions (20 events):
Event: 5.087 Thread 0x0000023c1d037760 Exception <a 'java/lang/NoSuchMethodError'{0x00000000ec1137a0}: 'java.lang.Object java.lang.invoke.Invokers$Holder.invokeExact_MT(java.lang.Object, java.lang.Object, java.lang.Object, java.lang.Object)'> (0x00000000ec1137a0) 
thrown [s\src\hotspot\share\interpreter\linkResolver.cpp, line 759]
Event: 5.713 Thread 0x0000023c1d037760 Exception <a 'java/lang/NoSuchMethodError'{0x00000000eacf7fa0}: 'java.lang.Object java.lang.invoke.DirectMethodHandle$Holder.invokeSpecial(java.lang.Object, java.lang.Object, java.lang.Object, long, java.lang.Object)'> (0x00000000eacf7fa0) 
thrown [s\src\hotspot\share\interpreter\linkResolver.cpp, line 759]
Event: 5.715 Thread 0x0000023c1d037760 Exception <a 'java/lang/NoSuchMethodError'{0x00000000ead00158}: 'java.lang.Object java.lang.invoke.DirectMethodHandle$Holder.newInvokeSpecial(java.lang.Object, java.lang.Object, java.lang.Object, long)'> (0x00000000ead00158) 
thrown [s\src\hotspot\share\interpreter\linkResolver.cpp, line 759]
Event: 5.716 Thread 0x0000023c1d037760 Exception <a 'java/lang/NoSuchMethodError'{0x00000000ead046f8}: 'java.lang.Object java.lang.invoke.DirectMethodHandle$Holder.invokeSpecial(java.lang.Object, java.lang.Object, java.lang.Object, java.lang.Object, long)'> (0x00000000ead046f8) 
thrown [s\src\hotspot\share\interpreter\linkResolver.cpp, line 759]
Event: 5.716 Thread 0x0000023c1d037760 Exception <a 'java/lang/NoSuchMethodError'{0x00000000ead08570}: 'java.lang.Object java.lang.invoke.Invokers$Holder.linkToTargetMethod(java.lang.Object, java.lang.Object, long, java.lang.Object)'> (0x00000000ead08570) 
thrown [s\src\hotspot\share\interpreter\linkResolver.cpp, line 759]
Event: 5.736 Thread 0x0000023c1d037760 Exception <a 'java/lang/NoSuchMethodError'{0x00000000ead84ff8}: 'int java.lang.invoke.DirectMethodHandle$Holder.invokeStaticInit(java.lang.Object, java.lang.Object, java.lang.Object)'> (0x00000000ead84ff8) 
thrown [s\src\hotspot\share\interpreter\linkResolver.cpp, line 759]
Event: 5.748 Thread 0x0000023c1d037760 Exception <a 'java/lang/IncompatibleClassChangeError'{0x00000000eadecd48}: Found class java.lang.Object, but interface was expected> (0x00000000eadecd48) 
thrown [s\src\hotspot\share\interpreter\linkResolver.cpp, line 826]
Event: 5.753 Thread 0x0000023c1d037760 Exception <a 'java/lang/NoSuchMethodError'{0x00000000eadfea38}: 'java.lang.Object java.lang.invoke.DirectMethodHandle$Holder.invokeSpecial(java.lang.Object, java.lang.Object, java.lang.Object, int, java.lang.Object, java.lang.Object)'> (0x00000000eadfea38) 
thrown [s\src\hotspot\share\interpreter\linkResolver.cpp, line 759]
Event: 5.754 Thread 0x0000023c1d037760 Exception <a 'java/lang/NoSuchMethodError'{0x00000000eae07240}: 'java.lang.Object java.lang.invoke.DirectMethodHandle$Holder.newInvokeSpecial(java.lang.Object, java.lang.Object, java.lang.Object, int, java.lang.Object)'> (0x00000000eae07240) 
thrown [s\src\hotspot\share\interpreter\linkResolver.cpp, line 759]
Event: 5.755 Thread 0x0000023c1d037760 Exception <a 'java/lang/NoSuchMethodError'{0x00000000eae0b698}: 'java.lang.Object java.lang.invoke.DirectMethodHandle$Holder.invokeSpecial(java.lang.Object, java.lang.Object, java.lang.Object, java.lang.Object, int, java.lang.Object)'> (0x00000000eae0b698) 
thrown [s\src\hotspot\share\interpreter\linkResolver.cpp, line 759]
Event: 5.757 Thread 0x0000023c1cfeda70 Exception <a 'java/lang/NoSuchMethodError'{0x00000000ead60e10}: 'java.lang.Object java.lang.invoke.DirectMethodHandle$Holder.invokeSpecial(java.lang.Object, java.lang.Object, int, java.lang.Object, java.lang.Object)'> (0x00000000ead60e10) 
thrown [s\src\hotspot\share\interpreter\linkResolver.cpp, line 759]
Event: 5.760 Thread 0x0000023c1cfeda70 Exception <a 'java/lang/NoSuchMethodError'{0x00000000ead684e0}: 'java.lang.Object java.lang.invoke.DirectMethodHandle$Holder.newInvokeSpecial(java.lang.Object, java.lang.Object, int, java.lang.Object)'> (0x00000000ead684e0) 
thrown [s\src\hotspot\share\interpreter\linkResolver.cpp, line 759]
Event: 5.761 Thread 0x0000023c1cfeda70 Exception <a 'java/lang/NoSuchMethodError'{0x00000000ead6bff0}: 'java.lang.Object java.lang.invoke.DirectMethodHandle$Holder.invokeSpecial(java.lang.Object, java.lang.Object, java.lang.Object, int, java.lang.Object)'> (0x00000000ead6bff0) 
thrown [s\src\hotspot\share\interpreter\linkResolver.cpp, line 759]
Event: 6.194 Thread 0x0000023c1d037760 Exception <a 'java/io/FileNotFoundException'{0x00000000eb9b2c88}> (0x00000000eb9b2c88) 
thrown [s\src\hotspot\share\prims\jni.cpp, line 516]
Event: 6.392 Thread 0x0000023c1d037760 Exception <a 'java/lang/NoSuchMethodError'{0x00000000ebfe8898}: 'void java.lang.invoke.DirectMethodHandle$Holder.invokeSpecial(java.lang.Object, java.lang.Object, java.lang.Object, int)'> (0x00000000ebfe8898) 
thrown [s\src\hotspot\share\interpreter\linkResolver.cpp, line 759]
Event: 6.474 Thread 0x0000023c1c8ae230 Exception <a 'java/lang/NoSuchMethodError'{0x00000000eae6d970}: 'int java.lang.invoke.DirectMethodHandle$Holder.invokeVirtual(java.lang.Object, java.lang.Object)'> (0x00000000eae6d970) 
thrown [s\src\hotspot\share\interpreter\linkResolver.cpp, line 759]
Event: 6.476 Thread 0x0000023c1cfeda70 Exception <a 'java/io/FileNotFoundException'{0x00000000ec2ac0e8}> (0x00000000ec2ac0e8) 
thrown [s\src\hotspot\share\prims\jni.cpp, line 516]
Event: 7.449 Thread 0x0000023c1c8ab210 Exception <a 'java/lang/NoSuchMethodError'{0x00000000eb5ed698}: 'void java.lang.invoke.DirectMethodHandle$Holder.invokeStatic(java.lang.Object, java.lang.Object, java.lang.Object, java.lang.Object)'> (0x00000000eb5ed698) 
thrown [s\src\hotspot\share\interpreter\linkResolver.cpp, line 759]
Event: 7.463 Thread 0x0000023c1c8ab210 Exception <a 'java/lang/NoSuchMethodError'{0x00000000eb6b28e0}: 'java.lang.Object java.lang.invoke.DirectMethodHandle$Holder.newInvokeSpecial(java.lang.Object, java.lang.Object, java.lang.Object, java.lang.Object, java.lang.Object)'> (0x00000000eb6b28e0) 
thrown [s\src\hotspot\share\interpreter\linkResolver.cpp, line 759]
Event: 7.559 Thread 0x0000023c1c8ab210 Exception <a 'java/lang/NoSuchMethodError'{0x00000000eb9df780}: 'java.lang.Object java.lang.invoke.DirectMethodHandle$Holder.invokeSpecialIFC(java.lang.Object, java.lang.Object, java.lang.Object, java.lang.Object)'> (0x00000000eb9df780) 
thrown [s\src\hotspot\share\interpreter\linkResolver.cpp, line 759]

VM Operations (20 events):
Event: 5.535 Executing VM operation: CollectForMetadataAllocation
Event: 5.580 Executing VM operation: CollectForMetadataAllocation done
Event: 5.783 Executing VM operation: HandshakeAllThreads
Event: 5.783 Executing VM operation: HandshakeAllThreads done
Event: 5.936 Executing VM operation: HandshakeAllThreads
Event: 5.936 Executing VM operation: HandshakeAllThreads done
Event: 5.941 Executing VM operation: HandshakeAllThreads
Event: 5.941 Executing VM operation: HandshakeAllThreads done
Event: 6.062 Executing VM operation: HandshakeAllThreads
Event: 6.062 Executing VM operation: HandshakeAllThreads done
Event: 6.489 Executing VM operation: ParallelGCFailedAllocation
Event: 6.493 Executing VM operation: ParallelGCFailedAllocation done
Event: 7.086 Executing VM operation: ParallelGCFailedAllocation
Event: 7.090 Executing VM operation: ParallelGCFailedAllocation done
Event: 7.475 Executing VM operation: HandshakeAllThreads
Event: 7.478 Executing VM operation: HandshakeAllThreads done
Event: 7.639 Executing VM operation: HandshakeAllThreads
Event: 7.643 Executing VM operation: HandshakeAllThreads done
Event: 7.737 Executing VM operation: ParallelGCFailedAllocation
Event: 7.760 Executing VM operation: ParallelGCFailedAllocation done

Events (20 events):
Event: 7.981 loading class org/w3c/dom/ElementTraversal done
Event: 7.981 loading class org/w3c/dom/TypeInfo
Event: 7.981 loading class org/w3c/dom/TypeInfo done
Event: 7.981 loading class com/sun/org/apache/xerces/internal/dom/ElementImpl done
Event: 7.981 loading class com/sun/org/apache/xerces/internal/dom/NodeListCache
Event: 7.981 loading class com/sun/org/apache/xerces/internal/dom/NodeListCache done
Event: 7.982 loading class com/sun/org/apache/xerces/internal/dom/DeferredDocumentImpl$RefCount
Event: 7.982 loading class com/sun/org/apache/xerces/internal/dom/DeferredDocumentImpl$RefCount done
Event: 7.986 loading class com/sun/org/apache/xerces/internal/dom/DeferredElementImpl
Event: 7.987 loading class com/sun/org/apache/xerces/internal/dom/DeferredElementImpl done
Event: 7.989 loading class com/sun/org/apache/xerces/internal/dom/DeepNodeListImpl
Event: 7.990 loading class com/sun/org/apache/xerces/internal/dom/DeepNodeListImpl done
Event: 7.991 loading class com/sun/org/apache/xerces/internal/dom/DeferredTextImpl
Event: 7.991 loading class com/sun/org/apache/xerces/internal/dom/TextImpl
Event: 7.997 loading class org/w3c/dom/CharacterData
Event: 7.998 loading class org/w3c/dom/CharacterData done
Event: 7.998 loading class org/w3c/dom/Text
Event: 7.998 loading class org/w3c/dom/Text done
Event: 7.998 loading class com/sun/org/apache/xerces/internal/dom/CharacterDataImpl
Event: 8.004 Thread 0x0000023c1c8ae700 Thread added: 0x0000023c1c8ae700


Dynamic libraries:
0x00007ff675ee0000 - 0x00007ff675eee000 	c:\Users\13582\.vscode\extensions\redhat.java-1.21.0-win32-x64\jre\17.0.7-win32-x86_64\bin\java.exe
0x00007fff5b090000 - 0x00007fff5b2a4000 	C:\Windows\SYSTEM32\ntdll.dll
0x00007fff59bf0000 - 0x00007fff59cb3000 	C:\Windows\System32\KERNEL32.DLL
0x00007fff589e0000 - 0x00007fff58d7c000 	C:\Windows\System32\KERNELBASE.dll
0x00007fff58d80000 - 0x00007fff58e91000 	C:\Windows\System32\ucrtbase.dll
0x00007fff44f20000 - 0x00007fff44f37000 	c:\Users\13582\.vscode\extensions\redhat.java-1.21.0-win32-x64\jre\17.0.7-win32-x86_64\bin\jli.dll
0x00007fff43bc0000 - 0x00007fff43bd9000 	c:\Users\13582\.vscode\extensions\redhat.java-1.21.0-win32-x64\jre\17.0.7-win32-x86_64\bin\VCRUNTIME140.dll
0x00007fff59920000 - 0x00007fff59acd000 	C:\Windows\System32\USER32.dll
0x00007fff58540000 - 0x00007fff58566000 	C:\Windows\System32\win32u.dll
0x00007fff59660000 - 0x00007fff59689000 	C:\Windows\System32\GDI32.dll
0x00007fff58570000 - 0x00007fff58682000 	C:\Windows\System32\gdi32full.dll
0x00007fff44740000 - 0x00007fff449ce000 	C:\Windows\WinSxS\amd64_microsoft.windows.common-controls_6595b64144ccf1df_6.0.22621.436_none_a94247dbc10d8414\COMCTL32.dll
0x00007fff58690000 - 0x00007fff5872a000 	C:\Windows\System32\msvcp_win.dll
0x00007fff59f30000 - 0x00007fff59fd7000 	C:\Windows\System32\msvcrt.dll
0x00007fff5b010000 - 0x00007fff5b042000 	C:\Windows\System32\IMM32.DLL
0x00007fff3da20000 - 0x00007fff3dafd000 	C:\Program Files\Windhawk\Engine\1.3.1\64\windhawk.dll
0x00007fff5a550000 - 0x00007fff5a5fe000 	C:\Windows\System32\ADVAPI32.dll
0x00007fff593b0000 - 0x00007fff59454000 	C:\Windows\System32\sechost.dll
0x00007fff59ad0000 - 0x00007fff59be5000 	C:\Windows\System32\RPCRT4.dll
0x00007fff53e90000 - 0x00007fff53e9c000 	c:\Users\13582\.vscode\extensions\redhat.java-1.21.0-win32-x64\jre\17.0.7-win32-x86_64\bin\vcruntime140_1.dll
0x00007fff30640000 - 0x00007fff306d1000 	c:\Users\13582\.vscode\extensions\redhat.java-1.21.0-win32-x64\jre\17.0.7-win32-x86_64\bin\msvcp140.dll
0x00007fff120f0000 - 0x00007fff12d38000 	c:\Users\13582\.vscode\extensions\redhat.java-1.21.0-win32-x64\jre\17.0.7-win32-x86_64\bin\server\jvm.dll
0x00007fff40b70000 - 0x00007fff40b79000 	C:\Windows\SYSTEM32\WSOCK32.dll
0x00007fff5a460000 - 0x00007fff5a4d1000 	C:\Windows\System32\WS2_32.dll
0x00007fff50370000 - 0x00007fff503a4000 	C:\Windows\SYSTEM32\WINMM.dll
0x00007fff46d40000 - 0x00007fff46d4a000 	C:\Windows\SYSTEM32\VERSION.dll
0x00007fff574e0000 - 0x00007fff574f8000 	C:\Windows\SYSTEM32\kernel.appcore.dll
0x00007fff53e00000 - 0x00007fff53e0a000 	c:\Users\13582\.vscode\extensions\redhat.java-1.21.0-win32-x64\jre\17.0.7-win32-x86_64\bin\jimage.dll
0x00007fff4ec30000 - 0x00007fff4ee5e000 	C:\Windows\SYSTEM32\DBGHELP.DLL
0x00007fff58ea0000 - 0x00007fff5922a000 	C:\Windows\System32\combase.dll
0x00007fff59840000 - 0x00007fff59917000 	C:\Windows\System32\OLEAUT32.dll
0x00007fff47a90000 - 0x00007fff47ac2000 	C:\Windows\SYSTEM32\dbgcore.DLL
0x00007fff587f0000 - 0x00007fff5886b000 	C:\Windows\System32\bcryptPrimitives.dll
0x00007fff53b30000 - 0x00007fff53b3e000 	c:\Users\13582\.vscode\extensions\redhat.java-1.21.0-win32-x64\jre\17.0.7-win32-x86_64\bin\instrument.dll
0x00007fff43220000 - 0x00007fff43245000 	c:\Users\13582\.vscode\extensions\redhat.java-1.21.0-win32-x64\jre\17.0.7-win32-x86_64\bin\java.dll
0x00007fff43200000 - 0x00007fff43218000 	c:\Users\13582\.vscode\extensions\redhat.java-1.21.0-win32-x64\jre\17.0.7-win32-x86_64\bin\zip.dll
0x00007fff5a600000 - 0x00007fff5adef000 	C:\Windows\System32\SHELL32.dll
0x00007fff56470000 - 0x00007fff56d3c000 	C:\Windows\SYSTEM32\windows.storage.dll
0x00007fff56330000 - 0x00007fff5646e000 	C:\Windows\SYSTEM32\wintypes.dll
0x00007fff59d40000 - 0x00007fff59e31000 	C:\Windows\System32\SHCORE.dll
0x00007fff59600000 - 0x00007fff5965e000 	C:\Windows\System32\shlwapi.dll
0x00007fff58400000 - 0x00007fff58421000 	C:\Windows\SYSTEM32\profapi.dll
0x00007fff41520000 - 0x00007fff41539000 	C:\Users\13582\.vscode\extensions\redhat.java-1.21.0-win32-x64\jre\17.0.7-win32-x86_64\bin\net.dll
0x00007fff51490000 - 0x00007fff515bf000 	C:\Windows\SYSTEM32\WINHTTP.dll
0x00007fff579b0000 - 0x00007fff57a19000 	C:\Windows\system32\mswsock.dll
0x00007fff41500000 - 0x00007fff41515000 	C:\Users\13582\.vscode\extensions\redhat.java-1.21.0-win32-x64\jre\17.0.7-win32-x86_64\bin\nio.dll
0x00007fff53a30000 - 0x00007fff53a40000 	c:\Users\13582\.vscode\extensions\redhat.java-1.21.0-win32-x64\jre\17.0.7-win32-x86_64\bin\verify.dll
0x00007fff3db00000 - 0x00007fff3db3e000 	C:\Users\13582\AppData\Roaming\Code\User\globalStorage\redhat.java\1.21.0\config_win\org.eclipse.equinox.launcher\org.eclipse.equinox.launcher.win32.win32.x86_64_1.2.700.v20221108-1024\eclipse_11801.dll
0x00007fff59460000 - 0x00007fff595fc000 	C:\Windows\System32\ole32.dll

dbghelp: loaded successfully - version: 4.0.5 - missing functions: none
symbol engine: initialized successfully - sym options: 0x614 - pdb path: .;c:\Users\13582\.vscode\extensions\redhat.java-1.21.0-win32-x64\jre\17.0.7-win32-x86_64\bin;C:\Windows\SYSTEM32;C:\Windows\WinSxS\amd64_microsoft.windows.common-controls_6595b64144ccf1df_6.0.22621.436_none_a94247dbc10d8414;C:\Program Files\Windhawk\Engine\1.3.1\64;c:\Users\13582\.vscode\extensions\redhat.java-1.21.0-win32-x64\jre\17.0.7-win32-x86_64\bin\server;C:\Users\13582\AppData\Roaming\Code\User\globalStorage\redhat.java\1.21.0\config_win\org.eclipse.equinox.launcher\org.eclipse.equinox.launcher.win32.win32.x86_64_1.2.700.v20221108-1024

VM Arguments:
jvm_args: --add-modules=ALL-SYSTEM --add-opens=java.base/java.util=ALL-UNNAMED --add-opens=java.base/java.lang=ALL-UNNAMED --add-opens=java.base/sun.nio.fs=ALL-UNNAMED -Declipse.application=org.eclipse.jdt.ls.core.id1 -Dosgi.bundles.defaultStartLevel=4 -Declipse.product=org.eclipse.jdt.ls.core.product -Djava.import.generatesMetadataFilesAtProjectRoot=false -Dfile.encoding=utf8 -XX:+UseParallelGC -XX:GCTimeRatio=4 -XX:AdaptiveSizePolicyWeight=90 -Dsun.zip.disableMemoryMapping=true -Xmx1G -Xms100m -Xlog:disable -javaagent:c:\Users\13582\.vscode\extensions\redhat.java-1.21.0-win32-x64\lombok\lombok-1.18.28.jar -XX:+HeapDumpOnOutOfMemoryError -XX:HeapDumpPath=c:\Users\13582\AppData\Roaming\Code\User\workspaceStorage\07d659304832dd2c990307c325d8111e\redhat.java -Daether.dependencyCollector.impl=bf 
java_command: c:\Users\13582\.vscode\extensions\redhat.java-1.21.0-win32-x64\server\plugins\org.eclipse.equinox.launcher_1.6.500.v20230717-2134.jar -configuration c:\Users\13582\AppData\Roaming\Code\User\globalStorage\redhat.java\1.21.0\config_win -data c:\Users\13582\AppData\Roaming\Code\User\workspaceStorage\07d659304832dd2c990307c325d8111e\redhat.java\jdt_ws
java_class_path (initial): c:\Users\13582\.vscode\extensions\redhat.java-1.21.0-win32-x64\server\plugins\org.eclipse.equinox.launcher_1.6.500.v20230717-2134.jar
Launcher Type: SUN_STANDARD

[Global flags]
    uintx AdaptiveSizePolicyWeight                 = 90                                        {product} {command line}
     intx CICompilerCount                          = 4                                         {product} {ergonomic}
    uintx GCTimeRatio                              = 4                                         {product} {command line}
     bool HeapDumpOnOutOfMemoryError               = true                                   {manageable} {command line}
    ccstr HeapDumpPath                             = c:\Users\13582\AppData\Roaming\Code\User\workspaceStorage\07d659304832dd2c990307c325d8111e\redhat.java         {manageable} {command line}
   size_t InitialHeapSize                          = 104857600                                 {product} {command line}
   size_t MaxHeapSize                              = 1073741824                                {product} {command line}
   size_t MaxNewSize                               = 357564416                                 {product} {ergonomic}
   size_t MinHeapDeltaBytes                        = 524288                                    {product} {ergonomic}
   size_t MinHeapSize                              = 104857600                                 {product} {command line}
   size_t NewSize                                  = 34603008                                  {product} {ergonomic}
    uintx NonNMethodCodeHeapSize                   = 5839372                                {pd product} {ergonomic}
    uintx NonProfiledCodeHeapSize                  = 122909434                              {pd product} {ergonomic}
   size_t OldSize                                  = 70254592                                  {product} {ergonomic}
    uintx ProfiledCodeHeapSize                     = 122909434                              {pd product} {ergonomic}
    uintx ReservedCodeCacheSize                    = 251658240                              {pd product} {ergonomic}
     bool SegmentedCodeCache                       = true                                      {product} {ergonomic}
   size_t SoftMaxHeapSize                          = 1073741824                             {manageable} {ergonomic}
     bool UseCompressedClassPointers               = true                           {product lp64_product} {ergonomic}
     bool UseCompressedOops                        = true                           {product lp64_product} {ergonomic}
     bool UseLargePagesIndividualAllocation        = false                                  {pd product} {ergonomic}
     bool UseParallelGC                            = true                                      {product} {command line}

Logging:
Log output configuration:
 #0: stdout all=off uptime,level,tags
 #1: stderr all=off uptime,level,tags

Environment Variables:
PATH=H:\\CentOS7\VMware\vm\bin\;C:\Program Files\Common Files\Oracle\Java\javapath;C:\Program Files (x86)\Common Files\Oracle\Java\javapath;C:\Windows\system32;C:\Windows;C:\Windows\System32\Wbem;C:\Windows\System32\WindowsPowerShell\v1.0\;C:\Program Files\Git\cmd;C:\Program Files\dotnet\;C:\Program Files\nodejs\;C:\Windows\System32\OpenSSH\;C:\MinGW\mingw64\bin;;C:\Program Files\Microsoft VS Code\bin;C:\Program Files (x86)\oh-my-posh\bin;C:\Program Files (x86)\Tencent\web\dll;C:\Users\13582\AppData\Local\Microsoft\WindowsApps;C:\Users\13582\AppData\Roaming\npm;%MINGW64%\bin;C:\Users\13582\AppData\Local\Microsoft\WindowsApps;C:\MinGW\mingw64\bin;C:\Users\13582\AppData\Local\GitHubDesktop\bin
USERNAME=13582
OS=Windows_NT
PROCESSOR_IDENTIFIER=Intel64 Family 6 Model 142 Stepping 10, GenuineIntel
TMP=C:\Users\13582\AppData\Local\Temp
TEMP=C:\Users\13582\AppData\Local\Temp



---------------  S Y S T E M  ---------------

OS:
 Windows 11 , 64 bit Build 22621 (10.0.22621.1245)
OS uptime: 0 days 3:27 hours
Hyper-V role detected

CPU: total 8 (initial active 8) (4 cores per cpu, 2 threads per core) family 6 model 142 stepping 10 microcode 0xf0, cx8, cmov, fxsr, ht, mmx, 3dnowpref, sse, sse2, sse3, ssse3, sse4.1, sse4.2, popcnt, lzcnt, tsc, tscinvbit, avx, avx2, aes, erms, clmul, bmi1, bmi2, adx, fma, vzeroupper, clflush, clflushopt, hv

Memory: 4k page, system-wide physical 8108M (1885M free)
TotalPageFile size 10156M (AvailPageFile size 223M)
current process WorkingSet (physical memory assigned to process): 144M, peak: 145M
current process commit charge ("private bytes"): 248M, peak: 250M

vm_info: OpenJDK 64-Bit Server VM (17.0.7+7) for windows-amd64 JRE (17.0.7+7), built on Apr 18 2023 22:10:42 by "temurin" with MS VC++ 16.7 (VS2019)

END.
