#
# There is insufficient memory for the Java Runtime Environment to continue.
# Native memory allocation (malloc) failed to allocate 232816 bytes for Chunk::new
# Possible reasons:
#   The system is out of physical RAM or swap space
#   The process is running with CompressedOops enabled, and the Java Heap may be blocking the growth of the native heap
# Possible solutions:
#   Reduce memory load on the system
#   Increase physical memory or swap space
#   Check if swap backing store is full
#   Decrease Java heap size (-Xmx/-Xms)
#   Decrease number of Java threads
#   Decrease Java thread stack sizes (-Xss)
#   Set larger code cache with -XX:ReservedCodeCacheSize=
#   JVM is running with Unscaled Compressed Oops mode in which the Java heap is
#     placed in the first 4GB address space. The Java Heap base address is the
#     maximum limit for the native heap growth. Please use -XX:HeapBaseMinAddress
#     to set the Java Heap base and to place the Java Heap above 4GB virtual address.
# This output file may be truncated or incomplete.
#
#  Out of Memory Error (arena.cpp:189), pid=6104, tid=14952
#
# JRE version: OpenJDK Runtime Environment Temurin-17.0.7+7 (17.0.7+7) (build 17.0.7+7)
# Java VM: OpenJDK 64-Bit Server VM Temurin-17.0.7+7 (17.0.7+7, mixed mode, tiered, compressed oops, compressed class ptrs, parallel gc, windows-amd64)
# No core dump will be written. Minidumps are not enabled by default on client versions of Windows
#

---------------  S U M M A R Y ------------

Command Line: --add-modules=ALL-SYSTEM --add-opens=java.base/java.util=ALL-UNNAMED --add-opens=java.base/java.lang=ALL-UNNAMED --add-opens=java.base/sun.nio.fs=ALL-UNNAMED -Declipse.application=org.eclipse.jdt.ls.core.id1 -Dosgi.bundles.defaultStartLevel=4 -Declipse.product=org.eclipse.jdt.ls.core.product -Djava.import.generatesMetadataFilesAtProjectRoot=false -Dfile.encoding=utf8 -XX:+UseParallelGC -XX:GCTimeRatio=4 -XX:AdaptiveSizePolicyWeight=90 -Dsun.zip.disableMemoryMapping=true -Xmx1G -Xms100m -Xlog:disable -javaagent:c:\Users\13582\.vscode\extensions\redhat.java-1.21.0-win32-x64\lombok\lombok-1.18.28.jar -XX:+HeapDumpOnOutOfMemoryError -XX:HeapDumpPath=c:\Users\13582\AppData\Roaming\Code\User\workspaceStorage\07d659304832dd2c990307c325d8111e\redhat.java -Daether.dependencyCollector.impl=bf c:\Users\13582\.vscode\extensions\redhat.java-1.21.0-win32-x64\server\plugins\org.eclipse.equinox.launcher_1.6.500.v20230717-2134.jar -configuration c:\Users\13582\AppData\Roaming\Code\User\globalStorage\redhat.java\1.21.0\config_win -data c:\Users\13582\AppData\Roaming\Code\User\workspaceStorage\07d659304832dd2c990307c325d8111e\redhat.java\jdt_ws

Host: Intel(R) Core(TM) i5-8250U CPU @ 1.60GHz, 8 cores, 7G,  Windows 11 , 64 bit Build 22621 (10.0.22621.1245)
Time: Tue Aug 29 15:01:42 2023  Windows 11 , 64 bit Build 22621 (10.0.22621.1245) elapsed time: 531.712813 seconds (0d 0h 8m 51s)

---------------  T H R E A D  ---------------

Current thread (0x0000016ebddc14a0):  JavaThread "C2 CompilerThread1" daemon [_thread_in_native, id=14952, stack(0x0000004025300000,0x0000004025400000)]


Current CompileTask:
C2: 531712 7042       4       org.eclipse.jdt.internal.core.search.indexing.AddJrtToIndex$JrtTraverser::visitFile (14 bytes)

Stack: [0x0000004025300000,0x0000004025400000]
Native frames: (J=compiled Java code, j=interpreted, Vv=VM code, C=native code)
V  [jvm.dll+0x67754a]
V  [jvm.dll+0x834304]
V  [jvm.dll+0x835aae]
V  [jvm.dll+0x836113]
V  [jvm.dll+0x24696f]
V  [jvm.dll+0xac0ac]
V  [jvm.dll+0xac67c]
V  [jvm.dll+0x2adbef]
V  [jvm.dll+0x580067]
V  [jvm.dll+0x221e72]
V  [jvm.dll+0x22224f]
V  [jvm.dll+0x21b4a5]
V  [jvm.dll+0x21895b]
V  [jvm.dll+0x1a4d8d]
V  [jvm.dll+0x2284da]
V  [jvm.dll+0x226615]
V  [jvm.dll+0x7ea90b]
V  [jvm.dll+0x7e4e7a]
V  [jvm.dll+0x676395]
C  [ucrtbase.dll+0x29363]
C  [KERNEL32.DLL+0x126bd]
C  [ntdll.dll+0x5dfb8]


---------------  P R O C E S S  ---------------

Threads class SMR info:
_java_thread_list=0x0000016ec0079620, length=27, elements={
0x0000016ea2c19480, 0x0000016ea2cc6df0, 0x0000016eb6a83e10, 0x0000016eb6a8b410,
0x0000016eb6a8bcd0, 0x0000016eb6a8d1f0, 0x0000016eb6a8e710, 0x0000016ea2cc8ca0,
0x0000016ea2cc9b10, 0x0000016ea2ccbf90, 0x0000016ea2c7ee30, 0x0000016ebbde7c10,
0x0000016ebd29dfc0, 0x0000016ebd4f0bf0, 0x0000016ebd277550, 0x0000016ebbc7f810,
0x0000016ebd5fb5f0, 0x0000016ebcd37ea0, 0x0000016ebcd38d10, 0x0000016ebcd36690,
0x0000016ebcd38840, 0x0000016ebcd37500, 0x0000016ebcd379d0, 0x0000016ebcd391e0,
0x0000016ebe57f030, 0x0000016ebddc14a0, 0x0000016ebe51ec50
}

Java Threads: ( => current thread )
  0x0000016ea2c19480 JavaThread "main" [_thread_blocked, id=3236, stack(0x0000004025600000,0x0000004025700000)]
  0x0000016ea2cc6df0 JavaThread "Reference Handler" daemon [_thread_blocked, id=9004, stack(0x0000004025900000,0x0000004025a00000)]
  0x0000016eb6a83e10 JavaThread "Finalizer" daemon [_thread_blocked, id=12640, stack(0x0000004025a00000,0x0000004025b00000)]
  0x0000016eb6a8b410 JavaThread "Signal Dispatcher" daemon [_thread_blocked, id=3696, stack(0x0000004025b00000,0x0000004025c00000)]
  0x0000016eb6a8bcd0 JavaThread "Attach Listener" daemon [_thread_blocked, id=16324, stack(0x0000004025c00000,0x0000004025d00000)]
  0x0000016eb6a8d1f0 JavaThread "Service Thread" daemon [_thread_blocked, id=3048, stack(0x0000004025d00000,0x0000004025e00000)]
  0x0000016eb6a8e710 JavaThread "Monitor Deflation Thread" daemon [_thread_blocked, id=12896, stack(0x0000004025e00000,0x0000004025f00000)]
  0x0000016ea2cc8ca0 JavaThread "C2 CompilerThread0" daemon [_thread_in_native, id=3520, stack(0x0000004025f00000,0x0000004026000000)]
  0x0000016ea2cc9b10 JavaThread "C1 CompilerThread0" daemon [_thread_in_vm, id=8860, stack(0x0000004026000000,0x0000004026100000)]
  0x0000016ea2ccbf90 JavaThread "Sweeper thread" daemon [_thread_blocked, id=14816, stack(0x0000004026100000,0x0000004026200000)]
  0x0000016ea2c7ee30 JavaThread "Common-Cleaner" daemon [_thread_blocked, id=11408, stack(0x0000004026200000,0x0000004026300000)]
  0x0000016ebbde7c10 JavaThread "Notification Thread" daemon [_thread_blocked, id=2496, stack(0x0000004026400000,0x0000004026500000)]
  0x0000016ebd29dfc0 JavaThread "Active Thread: Equinox Container: 61407fb9-9178-4784-a5d7-c45b5c6d5e46" [_thread_blocked, id=11576, stack(0x0000004026c00000,0x0000004026d00000)]
  0x0000016ebd4f0bf0 JavaThread "Framework Event Dispatcher: Equinox Container: 61407fb9-9178-4784-a5d7-c45b5c6d5e46" daemon [_thread_blocked, id=3928, stack(0x0000004026d00000,0x0000004026e00000)]
  0x0000016ebd277550 JavaThread "Start Level: Equinox Container: 61407fb9-9178-4784-a5d7-c45b5c6d5e46" daemon [_thread_blocked, id=12020, stack(0x0000004026e00000,0x0000004026f00000)]
  0x0000016ebbc7f810 JavaThread "SCR Component Actor" daemon [_thread_blocked, id=14280, stack(0x0000004026300000,0x0000004026400000)]
  0x0000016ebd5fb5f0 JavaThread "Worker-JM" [_thread_blocked, id=13896, stack(0x0000004027100000,0x0000004027200000)]
  0x0000016ebcd37ea0 JavaThread "Worker-1: Java indexing... " [_thread_blocked, id=2144, stack(0x0000004027300000,0x0000004027400000)]
  0x0000016ebcd38d10 JavaThread "Java indexing" daemon [_thread_in_Java, id=9220, stack(0x0000004027600000,0x0000004027700000)]
  0x0000016ebcd36690 JavaThread "Worker-2" [_thread_blocked, id=8280, stack(0x0000004027500000,0x0000004027600000)]
  0x0000016ebcd38840 JavaThread "JNA Cleaner" daemon [_thread_blocked, id=10660, stack(0x0000004027900000,0x0000004027a00000)]
  0x0000016ebcd37500 JavaThread "pool-2-thread-1" [_thread_blocked, id=11436, stack(0x0000004027700000,0x0000004027800000)]
  0x0000016ebcd379d0 JavaThread "WorkspaceEventsHandler" [_thread_blocked, id=9996, stack(0x0000004027d00000,0x0000004027e00000)]
  0x0000016ebcd391e0 JavaThread "pool-1-thread-1" [_thread_in_native, id=888, stack(0x0000004027e00000,0x0000004027f00000)]
  0x0000016ebe57f030 JavaThread "ForkJoinPool.commonPool-worker-6" daemon [_thread_blocked, id=4432, stack(0x0000004025200000,0x0000004025300000)]
=>0x0000016ebddc14a0 JavaThread "C2 CompilerThread1" daemon [_thread_in_native, id=14952, stack(0x0000004025300000,0x0000004025400000)]
  0x0000016ebe51ec50 JavaThread "C2 CompilerThread2" daemon [_thread_in_native, id=10360, stack(0x0000004025400000,0x0000004025500000)]

Other Threads:
  0x0000016ea2cc5790 VMThread "VM Thread" [stack: 0x0000004025800000,0x0000004025900000] [id=7720]
  0x0000016ebbde61f0 WatcherThread [stack: 0x0000004026500000,0x0000004026600000] [id=6256]
  0x0000016ea2c2cc10 GCTaskThread "GC Thread#0" [stack: 0x0000004025700000,0x0000004025800000] [id=15364]
  0x0000016ebcda7e50 GCTaskThread "GC Thread#1" [stack: 0x0000004026600000,0x0000004026700000] [id=16072]
  0x0000016ebce805c0 GCTaskThread "GC Thread#2" [stack: 0x0000004026700000,0x0000004026800000] [id=1744]
  0x0000016ebce80870 GCTaskThread "GC Thread#3" [stack: 0x0000004026800000,0x0000004026900000] [id=3064]
  0x0000016ebce80b20 GCTaskThread "GC Thread#4" [stack: 0x0000004026900000,0x0000004026a00000] [id=15684]
  0x0000016ebcf0faa0 GCTaskThread "GC Thread#5" [stack: 0x0000004026a00000,0x0000004026b00000] [id=6552]
  0x0000016ebcf0fd50 GCTaskThread "GC Thread#6" [stack: 0x0000004026b00000,0x0000004026c00000] [id=4884]
  0x0000016ebd5a0180 GCTaskThread "GC Thread#7" [stack: 0x0000004026f00000,0x0000004027000000] [id=11692]

Threads with active compile tasks:
C2 CompilerThread0   531772 7043       4       org.eclipse.jdt.internal.core.search.indexing.AddJrtToIndex$JrtTraverser::visitFile (43 bytes)
C1 CompilerThread0   531772 7082       3       org.eclipse.jdt.core.compiler.CharOperation::lastIndexOf (24 bytes)
C2 CompilerThread1   531772 7042       4       org.eclipse.jdt.internal.core.search.indexing.AddJrtToIndex$JrtTraverser::visitFile (14 bytes)
C2 CompilerThread2   531772 7039       4       org.eclipse.jdt.internal.compiler.parser.Scanner::internalScanIdentifierOrKeyword (4773 bytes)

VM state: not at safepoint (normal execution)

VM Mutex/Monitor currently owned by a thread: None

Heap address: 0x00000000c0000000, size: 1024 MB, Compressed Oops mode: 32-bit

CDS archive(s) not mapped
Compressed class space mapped at: 0x0000000100000000-0x0000000140000000, reserved size: 1073741824
Narrow klass base: 0x0000000000000000, Narrow klass shift: 3, Narrow klass range: 0x140000000

GC Precious Log:
 CPUs: 8 total, 8 available
 Memory: 8108M
 Large Page Support: Disabled
 NUMA Support: Disabled
 Compressed Oops: Enabled (32-bit)
 Alignments: Space 512K, Generation 512K, Heap 2M
 Heap Min Capacity: 100M
 Heap Initial Capacity: 100M
 Heap Max Capacity: 1G
 Pre-touch: Disabled
 Parallel Workers: 8

Heap:
 PSYoungGen      total 19456K, used 6780K [0x00000000eab00000, 0x00000000ec280000, 0x0000000100000000)
  eden space 18944K, 33% used [0x00000000eab00000,0x00000000eb11f290,0x00000000ebd80000)
  from space 512K, 100% used [0x00000000ec000000,0x00000000ec080000,0x00000000ec080000)
  to   space 2048K, 0% used [0x00000000ec080000,0x00000000ec080000,0x00000000ec280000)
 ParOldGen       total 68608K, used 38164K [0x00000000c0000000, 0x00000000c4300000, 0x00000000eab00000)
  object space 68608K, 55% used [0x00000000c0000000,0x00000000c2545138,0x00000000c4300000)
 Metaspace       used 59281K, committed 60288K, reserved 1114112K
  class space    used 6487K, committed 6912K, reserved 1048576K

Card table byte_map: [0x0000016ea25b0000,0x0000016ea27c0000] _byte_map_base: 0x0000016ea1fb0000

Marking Bits: (ParMarkBitMap*) 0x00007fff12c752c0
 Begin Bits: [0x0000016eb4890000, 0x0000016eb5890000)
 End Bits:   [0x0000016eb5890000, 0x0000016eb6890000)

Polling page: 0x0000016ea0b90000

Metaspace:

Usage:
  Non-class:     51.56 MB used.
      Class:      6.34 MB used.
       Both:     57.89 MB used.

Virtual space:
  Non-class space:       64.00 MB reserved,      52.12 MB ( 81%) committed,  1 nodes.
      Class space:        1.00 GB reserved,       6.75 MB ( <1%) committed,  1 nodes.
             Both:        1.06 GB reserved,      58.88 MB (  5%) committed. 

Chunk freelists:
   Non-Class:  11.59 MB
       Class:  9.22 MB
        Both:  20.81 MB

MaxMetaspaceSize: unlimited
CompressedClassSpaceSize: 1.00 GB
Initial GC threshold: 21.00 MB
Current GC threshold: 97.31 MB
CDS: off
MetaspaceReclaimPolicy: balanced
 - commit_granule_bytes: 65536.
 - commit_granule_words: 8192.
 - virtual_space_node_default_size: 8388608.
 - enlarge_chunks_in_place: 1.
 - new_chunks_are_fully_committed: 0.
 - uncommit_free_chunks: 1.
 - use_allocation_guard: 0.
 - handle_deallocations: 1.


Internal statistics:

num_allocs_failed_limit: 9.
num_arena_births: 516.
num_arena_deaths: 16.
num_vsnodes_births: 2.
num_vsnodes_deaths: 0.
num_space_committed: 942.
num_space_uncommitted: 0.
num_chunks_returned_to_freelist: 26.
num_chunks_taken_from_freelist: 2672.
num_chunk_merges: 10.
num_chunk_splits: 1646.
num_chunks_enlarged: 947.
num_inconsistent_stats: 0.

CodeHeap 'non-profiled nmethods': size=120000Kb used=3590Kb max_used=3590Kb free=116409Kb
 bounds [0x0000016ead360000, 0x0000016ead6f0000, 0x0000016eb4890000]
CodeHeap 'profiled nmethods': size=120000Kb used=11921Kb max_used=11921Kb free=108078Kb
 bounds [0x0000016ea5890000, 0x0000016ea6440000, 0x0000016eacdc0000]
CodeHeap 'non-nmethods': size=5760Kb used=1348Kb max_used=1420Kb free=4411Kb
 bounds [0x0000016eacdc0000, 0x0000016ead030000, 0x0000016ead360000]
 total_blobs=6819 nmethods=6134 adapters=599
 compilation: enabled
              stopped_count=0, restarted_count=0
 full_count=0

Compilation events (20 events):
Event: 531.687 Thread 0x0000016ea2cc9b10 7055       3       jdk.internal.org.objectweb.asm.Frame::push (109 bytes)
Event: 531.688 Thread 0x0000016ea2cc8ca0 nmethod 7051 0x0000016ead6df310 code [0x0000016ead6df4a0, 0x0000016ead6df7f8]
Event: 531.688 Thread 0x0000016ea2cc9b10 nmethod 7055 0x0000016ea642e710 code [0x0000016ea642e8e0, 0x0000016ea642ede8]
Event: 531.688 Thread 0x0000016ea2cc9b10 7054   !   3       java.lang.invoke.BoundMethodHandle$Species_L::copyWithExtendL (31 bytes)
Event: 531.688 Thread 0x0000016ea2cc8ca0 7043       4       org.eclipse.jdt.internal.core.search.indexing.AddJrtToIndex$JrtTraverser::visitFile (43 bytes)
Event: 531.690 Thread 0x0000016ea2cc9b10 nmethod 7054 0x0000016ea642ef90 code [0x0000016ea642f1c0, 0x0000016ea642fc88]
Event: 531.690 Thread 0x0000016ea2cc9b10 7056       3       java.lang.invoke.LambdaFormBuffer::indexOf (33 bytes)
Event: 531.690 Thread 0x0000016ea2cc9b10 nmethod 7056 0x0000016ea642ff90 code [0x0000016ea6430160, 0x0000016ea6430518]
Event: 531.690 Thread 0x0000016ea2cc9b10 7057       1       java.lang.invoke.ClassSpecializer$SpeciesData::getterFunctions (5 bytes)
Event: 531.690 Thread 0x0000016ea2cc9b10 nmethod 7057 0x0000016ead6df990 code [0x0000016ead6dfb20, 0x0000016ead6dfbf8]
Event: 531.691 Thread 0x0000016ea2cc9b10 7059       3       java.lang.invoke.LambdaForm$Name::internArguments (62 bytes)
Event: 531.692 Thread 0x0000016ea2cc9b10 nmethod 7059 0x0000016ea6430610 code [0x0000016ea64307e0, 0x0000016ea6430e68]
Event: 531.692 Thread 0x0000016ea2cc9b10 7061       3       java.util.ImmutableCollections$List12::<init> (20 bytes)
Event: 531.693 Thread 0x0000016ea2cc9b10 nmethod 7061 0x0000016ea6431010 code [0x0000016ea64311e0, 0x0000016ea64315e8]
Event: 531.697 Thread 0x0000016ea2cc9b10 7067       1       java.lang.invoke.LambdaForm$BasicType::basicTypeChar (5 bytes)
Event: 531.697 Thread 0x0000016ea2cc9b10 nmethod 7067 0x0000016ead6e1190 code [0x0000016ead6e1320, 0x0000016ead6e13f8]
Event: 531.698 Thread 0x0000016ea2cc9b10 7068       3       java.lang.invoke.MethodHandleNatives::refKindIsGetter (32 bytes)
Event: 531.698 Thread 0x0000016ea2cc9b10 nmethod 7068 0x0000016ea62d3e90 code [0x0000016ea62d4020, 0x0000016ea62d4178]
Event: 531.698 Thread 0x0000016ea2cc9b10 7069       3       java.lang.invoke.LambdaForm$NamedFunction::<init> (15 bytes)
Event: 531.698 Thread 0x0000016ea2cc9b10 nmethod 7069 0x0000016ea6431790 code [0x0000016ea6431920, 0x0000016ea6431ab8]

GC Heap History (20 events):
Event: 15.343 GC heap before
{Heap before GC invocations=23 (full 2):
 PSYoungGen      total 20992K, used 20963K [0x00000000eab00000, 0x00000000eca00000, 0x0000000100000000)
  eden space 18944K, 100% used [0x00000000eab00000,0x00000000ebd80000,0x00000000ebd80000)
  from space 2048K, 98% used [0x00000000ec300000,0x00000000ec4f8f90,0x00000000ec500000)
  to   space 5632K, 0% used [0x00000000ebd80000,0x00000000ebd80000,0x00000000ec300000)
 ParOldGen       total 68608K, used 30272K [0x00000000c0000000, 0x00000000c4300000, 0x00000000eab00000)
  object space 68608K, 44% used [0x00000000c0000000,0x00000000c1d901c8,0x00000000c4300000)
 Metaspace       used 52517K, committed 53440K, reserved 1114112K
  class space    used 5827K, committed 6208K, reserved 1048576K
}
Event: 15.348 GC heap after
{Heap after GC invocations=23 (full 2):
 PSYoungGen      total 19456K, used 288K [0x00000000eab00000, 0x00000000ec380000, 0x0000000100000000)
  eden space 18944K, 0% used [0x00000000eab00000,0x00000000eab00000,0x00000000ebd80000)
  from space 512K, 56% used [0x00000000ebd80000,0x00000000ebdc8000,0x00000000ebe00000)
  to   space 2048K, 0% used [0x00000000ec180000,0x00000000ec180000,0x00000000ec380000)
 ParOldGen       total 68608K, used 32318K [0x00000000c0000000, 0x00000000c4300000, 0x00000000eab00000)
  object space 68608K, 47% used [0x00000000c0000000,0x00000000c1f8f830,0x00000000c4300000)
 Metaspace       used 52517K, committed 53440K, reserved 1114112K
  class space    used 5827K, committed 6208K, reserved 1048576K
}
Event: 15.984 GC heap before
{Heap before GC invocations=24 (full 2):
 PSYoungGen      total 19456K, used 19232K [0x00000000eab00000, 0x00000000ec380000, 0x0000000100000000)
  eden space 18944K, 100% used [0x00000000eab00000,0x00000000ebd80000,0x00000000ebd80000)
  from space 512K, 56% used [0x00000000ebd80000,0x00000000ebdc8000,0x00000000ebe00000)
  to   space 2048K, 0% used [0x00000000ec180000,0x00000000ec180000,0x00000000ec380000)
 ParOldGen       total 68608K, used 32318K [0x00000000c0000000, 0x00000000c4300000, 0x00000000eab00000)
  object space 68608K, 47% used [0x00000000c0000000,0x00000000c1f8f830,0x00000000c4300000)
 Metaspace       used 54328K, committed 55232K, reserved 1114112K
  class space    used 6032K, committed 6400K, reserved 1048576K
}
Event: 15.992 GC heap after
{Heap after GC invocations=24 (full 2):
 PSYoungGen      total 19968K, used 977K [0x00000000eab00000, 0x00000000ec280000, 0x0000000100000000)
  eden space 18944K, 0% used [0x00000000eab00000,0x00000000eab00000,0x00000000ebd80000)
  from space 1024K, 95% used [0x00000000ec180000,0x00000000ec274458,0x00000000ec280000)
  to   space 1536K, 0% used [0x00000000ebf80000,0x00000000ebf80000,0x00000000ec100000)
 ParOldGen       total 68608K, used 32454K [0x00000000c0000000, 0x00000000c4300000, 0x00000000eab00000)
  object space 68608K, 47% used [0x00000000c0000000,0x00000000c1fb1840,0x00000000c4300000)
 Metaspace       used 54328K, committed 55232K, reserved 1114112K
  class space    used 6032K, committed 6400K, reserved 1048576K
}
Event: 16.604 GC heap before
{Heap before GC invocations=25 (full 2):
 PSYoungGen      total 19968K, used 19921K [0x00000000eab00000, 0x00000000ec280000, 0x0000000100000000)
  eden space 18944K, 100% used [0x00000000eab00000,0x00000000ebd80000,0x00000000ebd80000)
  from space 1024K, 95% used [0x00000000ec180000,0x00000000ec274458,0x00000000ec280000)
  to   space 1536K, 0% used [0x00000000ebf80000,0x00000000ebf80000,0x00000000ec100000)
 ParOldGen       total 68608K, used 32454K [0x00000000c0000000, 0x00000000c4300000, 0x00000000eab00000)
  object space 68608K, 47% used [0x00000000c0000000,0x00000000c1fb1840,0x00000000c4300000)
 Metaspace       used 55667K, committed 56576K, reserved 1114112K
  class space    used 6143K, committed 6528K, reserved 1048576K
}
Event: 16.612 GC heap after
{Heap after GC invocations=25 (full 2):
 PSYoungGen      total 20480K, used 881K [0x00000000eab00000, 0x00000000ec200000, 0x0000000100000000)
  eden space 18944K, 0% used [0x00000000eab00000,0x00000000eab00000,0x00000000ebd80000)
  from space 1536K, 57% used [0x00000000ebf80000,0x00000000ec05c520,0x00000000ec100000)
  to   space 1024K, 0% used [0x00000000ec100000,0x00000000ec100000,0x00000000ec200000)
 ParOldGen       total 68608K, used 33326K [0x00000000c0000000, 0x00000000c4300000, 0x00000000eab00000)
  object space 68608K, 48% used [0x00000000c0000000,0x00000000c208b9f0,0x00000000c4300000)
 Metaspace       used 55667K, committed 56576K, reserved 1114112K
  class space    used 6143K, committed 6528K, reserved 1048576K
}
Event: 21.538 GC heap before
{Heap before GC invocations=26 (full 2):
 PSYoungGen      total 20480K, used 19825K [0x00000000eab00000, 0x00000000ec200000, 0x0000000100000000)
  eden space 18944K, 100% used [0x00000000eab00000,0x00000000ebd80000,0x00000000ebd80000)
  from space 1536K, 57% used [0x00000000ebf80000,0x00000000ec05c520,0x00000000ec100000)
  to   space 1024K, 0% used [0x00000000ec100000,0x00000000ec100000,0x00000000ec200000)
 ParOldGen       total 68608K, used 33326K [0x00000000c0000000, 0x00000000c4300000, 0x00000000eab00000)
  object space 68608K, 48% used [0x00000000c0000000,0x00000000c208b9f0,0x00000000c4300000)
 Metaspace       used 57994K, committed 58944K, reserved 1114112K
  class space    used 6409K, committed 6784K, reserved 1048576K
}
Event: 21.541 GC heap after
{Heap after GC invocations=26 (full 2):
 PSYoungGen      total 19968K, used 1016K [0x00000000eab00000, 0x00000000ec200000, 0x0000000100000000)
  eden space 18944K, 0% used [0x00000000eab00000,0x00000000eab00000,0x00000000ebd80000)
  from space 1024K, 99% used [0x00000000ec100000,0x00000000ec1fe0d8,0x00000000ec200000)
  to   space 2048K, 0% used [0x00000000ebe00000,0x00000000ebe00000,0x00000000ec000000)
 ParOldGen       total 68608K, used 34053K [0x00000000c0000000, 0x00000000c4300000, 0x00000000eab00000)
  object space 68608K, 49% used [0x00000000c0000000,0x00000000c21417e8,0x00000000c4300000)
 Metaspace       used 57994K, committed 58944K, reserved 1114112K
  class space    used 6409K, committed 6784K, reserved 1048576K
}
Event: 421.546 GC heap before
{Heap before GC invocations=27 (full 2):
 PSYoungGen      total 19968K, used 19960K [0x00000000eab00000, 0x00000000ec200000, 0x0000000100000000)
  eden space 18944K, 100% used [0x00000000eab00000,0x00000000ebd80000,0x00000000ebd80000)
  from space 1024K, 99% used [0x00000000ec100000,0x00000000ec1fe0d8,0x00000000ec200000)
  to   space 2048K, 0% used [0x00000000ebe00000,0x00000000ebe00000,0x00000000ec000000)
 ParOldGen       total 68608K, used 34053K [0x00000000c0000000, 0x00000000c4300000, 0x00000000eab00000)
  object space 68608K, 49% used [0x00000000c0000000,0x00000000c21417e8,0x00000000c4300000)
 Metaspace       used 58531K, committed 59520K, reserved 1114112K
  class space    used 6441K, committed 6912K, reserved 1048576K
}
Event: 421.549 GC heap after
{Heap after GC invocations=27 (full 2):
 PSYoungGen      total 20992K, used 288K [0x00000000eab00000, 0x00000000ec180000, 0x0000000100000000)
  eden space 18944K, 0% used [0x00000000eab00000,0x00000000eab00000,0x00000000ebd80000)
  from space 2048K, 14% used [0x00000000ebe00000,0x00000000ebe48000,0x00000000ec000000)
  to   space 1024K, 0% used [0x00000000ec080000,0x00000000ec080000,0x00000000ec180000)
 ParOldGen       total 68608K, used 35074K [0x00000000c0000000, 0x00000000c4300000, 0x00000000eab00000)
  object space 68608K, 51% used [0x00000000c0000000,0x00000000c2240b28,0x00000000c4300000)
 Metaspace       used 58531K, committed 59520K, reserved 1114112K
  class space    used 6441K, committed 6912K, reserved 1048576K
}
Event: 473.924 GC heap before
{Heap before GC invocations=28 (full 2):
 PSYoungGen      total 20992K, used 19232K [0x00000000eab00000, 0x00000000ec180000, 0x0000000100000000)
  eden space 18944K, 100% used [0x00000000eab00000,0x00000000ebd80000,0x00000000ebd80000)
  from space 2048K, 14% used [0x00000000ebe00000,0x00000000ebe48000,0x00000000ec000000)
  to   space 1024K, 0% used [0x00000000ec080000,0x00000000ec080000,0x00000000ec180000)
 ParOldGen       total 68608K, used 35074K [0x00000000c0000000, 0x00000000c4300000, 0x00000000eab00000)
  object space 68608K, 51% used [0x00000000c0000000,0x00000000c2240b28,0x00000000c4300000)
 Metaspace       used 58711K, committed 59776K, reserved 1114112K
  class space    used 6441K, committed 6912K, reserved 1048576K
}
Event: 473.926 GC heap after
{Heap after GC invocations=28 (full 2):
 PSYoungGen      total 19456K, used 224K [0x00000000eab00000, 0x00000000ec100000, 0x0000000100000000)
  eden space 18944K, 0% used [0x00000000eab00000,0x00000000eab00000,0x00000000ebd80000)
  from space 512K, 43% used [0x00000000ec080000,0x00000000ec0b8000,0x00000000ec100000)
  to   space 512K, 0% used [0x00000000ec000000,0x00000000ec000000,0x00000000ec080000)
 ParOldGen       total 68608K, used 35202K [0x00000000c0000000, 0x00000000c4300000, 0x00000000eab00000)
  object space 68608K, 51% used [0x00000000c0000000,0x00000000c2260b28,0x00000000c4300000)
 Metaspace       used 58711K, committed 59776K, reserved 1114112K
  class space    used 6441K, committed 6912K, reserved 1048576K
}
Event: 513.297 GC heap before
{Heap before GC invocations=29 (full 2):
 PSYoungGen      total 19456K, used 8799K [0x00000000eab00000, 0x00000000ec100000, 0x0000000100000000)
  eden space 18944K, 45% used [0x00000000eab00000,0x00000000eb35fd90,0x00000000ebd80000)
  from space 512K, 43% used [0x00000000ec080000,0x00000000ec0b8000,0x00000000ec100000)
  to   space 512K, 0% used [0x00000000ec000000,0x00000000ec000000,0x00000000ec080000)
 ParOldGen       total 68608K, used 35202K [0x00000000c0000000, 0x00000000c4300000, 0x00000000eab00000)
  object space 68608K, 51% used [0x00000000c0000000,0x00000000c2260b28,0x00000000c4300000)
 Metaspace       used 58804K, committed 59776K, reserved 1114112K
  class space    used 6441K, committed 6912K, reserved 1048576K
}
Event: 513.300 GC heap after
{Heap after GC invocations=29 (full 2):
 PSYoungGen      total 19456K, used 240K [0x00000000eab00000, 0x00000000ec100000, 0x0000000100000000)
  eden space 18944K, 0% used [0x00000000eab00000,0x00000000eab00000,0x00000000ebd80000)
  from space 512K, 46% used [0x00000000ec000000,0x00000000ec03c010,0x00000000ec080000)
  to   space 512K, 0% used [0x00000000ec080000,0x00000000ec080000,0x00000000ec100000)
 ParOldGen       total 68608K, used 35258K [0x00000000c0000000, 0x00000000c4300000, 0x00000000eab00000)
  object space 68608K, 51% used [0x00000000c0000000,0x00000000c226eb28,0x00000000c4300000)
 Metaspace       used 58804K, committed 59776K, reserved 1114112K
  class space    used 6441K, committed 6912K, reserved 1048576K
}
Event: 513.300 GC heap before
{Heap before GC invocations=30 (full 3):
 PSYoungGen      total 19456K, used 240K [0x00000000eab00000, 0x00000000ec100000, 0x0000000100000000)
  eden space 18944K, 0% used [0x00000000eab00000,0x00000000eab00000,0x00000000ebd80000)
  from space 512K, 46% used [0x00000000ec000000,0x00000000ec03c010,0x00000000ec080000)
  to   space 512K, 0% used [0x00000000ec080000,0x00000000ec080000,0x00000000ec100000)
 ParOldGen       total 68608K, used 35258K [0x00000000c0000000, 0x00000000c4300000, 0x00000000eab00000)
  object space 68608K, 51% used [0x00000000c0000000,0x00000000c226eb28,0x00000000c4300000)
 Metaspace       used 58804K, committed 59776K, reserved 1114112K
  class space    used 6441K, committed 6912K, reserved 1048576K
}
Event: 513.427 GC heap after
{Heap after GC invocations=30 (full 3):
 PSYoungGen      total 19456K, used 0K [0x00000000eab00000, 0x00000000ec100000, 0x0000000100000000)
  eden space 18944K, 0% used [0x00000000eab00000,0x00000000eab00000,0x00000000ebd80000)
  from space 512K, 0% used [0x00000000ec000000,0x00000000ec000000,0x00000000ec080000)
  to   space 512K, 0% used [0x00000000ec080000,0x00000000ec080000,0x00000000ec100000)
 ParOldGen       total 68608K, used 33576K [0x00000000c0000000, 0x00000000c4300000, 0x00000000eab00000)
  object space 68608K, 48% used [0x00000000c0000000,0x00000000c20ca168,0x00000000c4300000)
 Metaspace       used 58802K, committed 59776K, reserved 1114112K
  class space    used 6440K, committed 6912K, reserved 1048576K
}
Event: 531.594 GC heap before
{Heap before GC invocations=31 (full 3):
 PSYoungGen      total 19456K, used 18944K [0x00000000eab00000, 0x00000000ec100000, 0x0000000100000000)
  eden space 18944K, 100% used [0x00000000eab00000,0x00000000ebd80000,0x00000000ebd80000)
  from space 512K, 0% used [0x00000000ec000000,0x00000000ec000000,0x00000000ec080000)
  to   space 512K, 0% used [0x00000000ec080000,0x00000000ec080000,0x00000000ec100000)
 ParOldGen       total 68608K, used 33576K [0x00000000c0000000, 0x00000000c4300000, 0x00000000eab00000)
  object space 68608K, 48% used [0x00000000c0000000,0x00000000c20ca168,0x00000000c4300000)
 Metaspace       used 58884K, committed 59904K, reserved 1114112K
  class space    used 6446K, committed 6912K, reserved 1048576K
}
Event: 531.600 GC heap after
{Heap after GC invocations=31 (full 3):
 PSYoungGen      total 19456K, used 512K [0x00000000eab00000, 0x00000000ec100000, 0x0000000100000000)
  eden space 18944K, 0% used [0x00000000eab00000,0x00000000eab00000,0x00000000ebd80000)
  from space 512K, 100% used [0x00000000ec080000,0x00000000ec100000,0x00000000ec100000)
  to   space 512K, 0% used [0x00000000ec000000,0x00000000ec000000,0x00000000ec080000)
 ParOldGen       total 68608K, used 37092K [0x00000000c0000000, 0x00000000c4300000, 0x00000000eab00000)
  object space 68608K, 54% used [0x00000000c0000000,0x00000000c2439138,0x00000000c4300000)
 Metaspace       used 58884K, committed 59904K, reserved 1114112K
  class space    used 6446K, committed 6912K, reserved 1048576K
}
Event: 531.660 GC heap before
{Heap before GC invocations=32 (full 3):
 PSYoungGen      total 19456K, used 19456K [0x00000000eab00000, 0x00000000ec100000, 0x0000000100000000)
  eden space 18944K, 100% used [0x00000000eab00000,0x00000000ebd80000,0x00000000ebd80000)
  from space 512K, 100% used [0x00000000ec080000,0x00000000ec100000,0x00000000ec100000)
  to   space 512K, 0% used [0x00000000ec000000,0x00000000ec000000,0x00000000ec080000)
 ParOldGen       total 68608K, used 37092K [0x00000000c0000000, 0x00000000c4300000, 0x00000000eab00000)
  object space 68608K, 54% used [0x00000000c0000000,0x00000000c2439138,0x00000000c4300000)
 Metaspace       used 58884K, committed 59904K, reserved 1114112K
  class space    used 6446K, committed 6912K, reserved 1048576K
}
Event: 531.664 GC heap after
{Heap after GC invocations=32 (full 3):
 PSYoungGen      total 19456K, used 512K [0x00000000eab00000, 0x00000000ec280000, 0x0000000100000000)
  eden space 18944K, 0% used [0x00000000eab00000,0x00000000eab00000,0x00000000ebd80000)
  from space 512K, 100% used [0x00000000ec000000,0x00000000ec080000,0x00000000ec080000)
  to   space 2048K, 0% used [0x00000000ec080000,0x00000000ec080000,0x00000000ec280000)
 ParOldGen       total 68608K, used 38164K [0x00000000c0000000, 0x00000000c4300000, 0x00000000eab00000)
  object space 68608K, 55% used [0x00000000c0000000,0x00000000c2545138,0x00000000c4300000)
 Metaspace       used 58884K, committed 59904K, reserved 1114112K
  class space    used 6446K, committed 6912K, reserved 1048576K
}

Dll operation events (11 events):
Event: 0.017 Loaded shared library c:\Users\13582\.vscode\extensions\redhat.java-1.21.0-win32-x64\jre\17.0.7-win32-x86_64\bin\java.dll
Event: 0.253 Loaded shared library c:\Users\13582\.vscode\extensions\redhat.java-1.21.0-win32-x64\jre\17.0.7-win32-x86_64\bin\zip.dll
Event: 0.267 Loaded shared library C:\Users\13582\.vscode\extensions\redhat.java-1.21.0-win32-x64\jre\17.0.7-win32-x86_64\bin\instrument.dll
Event: 0.291 Loaded shared library C:\Users\13582\.vscode\extensions\redhat.java-1.21.0-win32-x64\jre\17.0.7-win32-x86_64\bin\net.dll
Event: 0.297 Loaded shared library C:\Users\13582\.vscode\extensions\redhat.java-1.21.0-win32-x64\jre\17.0.7-win32-x86_64\bin\nio.dll
Event: 0.309 Loaded shared library C:\Users\13582\.vscode\extensions\redhat.java-1.21.0-win32-x64\jre\17.0.7-win32-x86_64\bin\zip.dll
Event: 0.342 Loaded shared library C:\Users\13582\.vscode\extensions\redhat.java-1.21.0-win32-x64\jre\17.0.7-win32-x86_64\bin\jimage.dll
Event: 0.465 Loaded shared library c:\Users\13582\.vscode\extensions\redhat.java-1.21.0-win32-x64\jre\17.0.7-win32-x86_64\bin\verify.dll
Event: 2.960 Loaded shared library C:\Users\13582\AppData\Roaming\Code\User\globalStorage\redhat.java\1.21.0\config_win\org.eclipse.equinox.launcher\org.eclipse.equinox.launcher.win32.win32.x86_64_1.2.700.v20221108-1024\eclipse_11801.dll
Event: 6.568 Loaded shared library C:\Users\13582\AppData\Local\Temp\jna-46824589\jna2165525361477910165.dll
Event: 12.238 Loaded shared library C:\Users\13582\.vscode\extensions\redhat.java-1.21.0-win32-x64\jre\17.0.7-win32-x86_64\bin\sunmscapi.dll

Deoptimization events (20 events):
Event: 531.577 Thread 0x0000016ebe57f030 Uncommon trap: trap_request=0xffffffc6 fr.pc=0x0000016ead6ce478 relative=0x00000000000000d8
Event: 531.577 Thread 0x0000016ebe57f030 Uncommon trap: reason=bimorphic_or_optimized_type_check action=maybe_recompile pc=0x0000016ead6ce478 method=org.eclipse.core.runtime.SubMonitor$RootInfo.isCanceled()Z @ 4 c2
Event: 531.578 Thread 0x0000016ebe57f030 DEOPT PACKING pc=0x0000016ead6ce478 sp=0x00000040252fecb0
Event: 531.578 Thread 0x0000016ebe57f030 DEOPT UNPACKING pc=0x0000016eace166a3 sp=0x00000040252febf0 mode 2
Event: 531.640 Thread 0x0000016ebe57f030 Uncommon trap: trap_request=0xffffffc6 fr.pc=0x0000016ead6ce478 relative=0x00000000000000d8
Event: 531.640 Thread 0x0000016ebe57f030 Uncommon trap: reason=bimorphic_or_optimized_type_check action=maybe_recompile pc=0x0000016ead6ce478 method=org.eclipse.core.runtime.SubMonitor$RootInfo.isCanceled()Z @ 4 c2
Event: 531.640 Thread 0x0000016ebe57f030 DEOPT PACKING pc=0x0000016ead6ce478 sp=0x00000040252fecb0
Event: 531.641 Thread 0x0000016ebe57f030 DEOPT UNPACKING pc=0x0000016eace166a3 sp=0x00000040252febf0 mode 2
Event: 531.646 Thread 0x0000016ebcd38d10 DEOPT PACKING pc=0x0000016ea62d489f sp=0x00000040276fe8d0
Event: 531.646 Thread 0x0000016ebcd38d10 DEOPT UNPACKING pc=0x0000016eace16e43 sp=0x00000040276fdd70 mode 0
Event: 531.648 Thread 0x0000016ebcd38d10 DEOPT PACKING pc=0x0000016ea62d489f sp=0x00000040276fe8d0
Event: 531.648 Thread 0x0000016ebcd38d10 DEOPT UNPACKING pc=0x0000016eace16e43 sp=0x00000040276fdd70 mode 0
Event: 531.650 Thread 0x0000016ebcd38d10 DEOPT PACKING pc=0x0000016ea62d489f sp=0x00000040276fe8d0
Event: 531.650 Thread 0x0000016ebcd38d10 DEOPT UNPACKING pc=0x0000016eace16e43 sp=0x00000040276fdd70 mode 0
Event: 531.654 Thread 0x0000016ebcd38d10 DEOPT PACKING pc=0x0000016ea62d489f sp=0x00000040276fe8d0
Event: 531.654 Thread 0x0000016ebcd38d10 DEOPT UNPACKING pc=0x0000016eace16e43 sp=0x00000040276fdd70 mode 0
Event: 531.658 Thread 0x0000016ebcd38d10 Uncommon trap: trap_request=0xffffff45 fr.pc=0x0000016ead5d2070 relative=0x0000000000000150
Event: 531.658 Thread 0x0000016ebcd38d10 Uncommon trap: reason=unstable_if action=reinterpret pc=0x0000016ead5d2070 method=org.eclipse.jdt.internal.compiler.util.Util.isClassFileName(Ljava/lang/String;)Z @ 20 c2
Event: 531.658 Thread 0x0000016ebcd38d10 DEOPT PACKING pc=0x0000016ead5d2070 sp=0x00000040276feae0
Event: 531.658 Thread 0x0000016ebcd38d10 DEOPT UNPACKING pc=0x0000016eace166a3 sp=0x00000040276fea58 mode 2

Classes unloaded (8 events):
Event: 4.185 Thread 0x0000016ea2cc5790 Unloading class 0x0000000100218000 'java/lang/invoke/LambdaForm$MH+0x0000000100218000'
Event: 4.185 Thread 0x0000016ea2cc5790 Unloading class 0x0000000100217c00 'java/lang/invoke/LambdaForm$MH+0x0000000100217c00'
Event: 4.185 Thread 0x0000016ea2cc5790 Unloading class 0x0000000100217800 'java/lang/invoke/LambdaForm$MH+0x0000000100217800'
Event: 4.185 Thread 0x0000016ea2cc5790 Unloading class 0x0000000100217400 'java/lang/invoke/LambdaForm$MH+0x0000000100217400'
Event: 4.185 Thread 0x0000016ea2cc5790 Unloading class 0x0000000100217000 'java/lang/invoke/LambdaForm$BMH+0x0000000100217000'
Event: 4.185 Thread 0x0000016ea2cc5790 Unloading class 0x0000000100216c00 'java/lang/invoke/LambdaForm$DMH+0x0000000100216c00'
Event: 4.185 Thread 0x0000016ea2cc5790 Unloading class 0x0000000100214000 'java/lang/invoke/LambdaForm$DMH+0x0000000100214000'
Event: 513.326 Thread 0x0000016ea2cc5790 Unloading class 0x000000010061a400 'java/lang/invoke/LambdaForm$DMH+0x000000010061a400'

Classes redefined (0 events):
No events

Internal exceptions (20 events):
Event: 486.572 Thread 0x0000016ebcd36690 Exception <a 'sun/nio/fs/WindowsException'{0x00000000eaf85e30}> (0x00000000eaf85e30) 
thrown [s\src\hotspot\share\prims\jni.cpp, line 516]
Event: 494.974 Thread 0x0000016ebcd36690 Exception <a 'sun/nio/fs/WindowsException'{0x00000000eb089110}> (0x00000000eb089110) 
thrown [s\src\hotspot\share\prims\jni.cpp, line 516]
Event: 494.976 Thread 0x0000016ebcd36690 Exception <a 'sun/nio/fs/WindowsException'{0x00000000eb08d380}> (0x00000000eb08d380) 
thrown [s\src\hotspot\share\prims\jni.cpp, line 516]
Event: 494.979 Thread 0x0000016ebcd36690 Exception <a 'sun/nio/fs/WindowsException'{0x00000000eb090c08}> (0x00000000eb090c08) 
thrown [s\src\hotspot\share\prims\jni.cpp, line 516]
Event: 499.139 Thread 0x0000016ebcd36690 Exception <a 'sun/nio/fs/WindowsException'{0x00000000eb16f7f8}> (0x00000000eb16f7f8) 
thrown [s\src\hotspot\share\prims\jni.cpp, line 516]
Event: 499.140 Thread 0x0000016ebcd36690 Exception <a 'sun/nio/fs/WindowsException'{0x00000000eb173a10}> (0x00000000eb173a10) 
thrown [s\src\hotspot\share\prims\jni.cpp, line 516]
Event: 499.141 Thread 0x0000016ebcd36690 Exception <a 'sun/nio/fs/WindowsException'{0x00000000eb177298}> (0x00000000eb177298) 
thrown [s\src\hotspot\share\prims\jni.cpp, line 516]
Event: 503.098 Thread 0x0000016ebcd36690 Exception <a 'sun/nio/fs/WindowsException'{0x00000000eb27a240}> (0x00000000eb27a240) 
thrown [s\src\hotspot\share\prims\jni.cpp, line 516]
Event: 503.100 Thread 0x0000016ebcd36690 Exception <a 'sun/nio/fs/WindowsException'{0x00000000eb27e450}> (0x00000000eb27e450) 
thrown [s\src\hotspot\share\prims\jni.cpp, line 516]
Event: 503.102 Thread 0x0000016ebcd36690 Exception <a 'sun/nio/fs/WindowsException'{0x00000000eb281cd8}> (0x00000000eb281cd8) 
thrown [s\src\hotspot\share\prims\jni.cpp, line 516]
Event: 513.432 Thread 0x0000016ebcd36690 Exception <a 'sun/nio/fs/WindowsException'{0x00000000eab0bae8}> (0x00000000eab0bae8) 
thrown [s\src\hotspot\share\prims\jni.cpp, line 516]
Event: 513.432 Thread 0x0000016ebcd36690 Exception <a 'sun/nio/fs/WindowsException'{0x00000000eab0fad8}> (0x00000000eab0fad8) 
thrown [s\src\hotspot\share\prims\jni.cpp, line 516]
Event: 513.434 Thread 0x0000016ebcd36690 Exception <a 'sun/nio/fs/WindowsException'{0x00000000eab1a6e0}> (0x00000000eab1a6e0) 
thrown [s\src\hotspot\share\prims\jni.cpp, line 516]
Event: 526.528 Thread 0x0000016ebcd36690 Exception <a 'sun/nio/fs/WindowsException'{0x00000000eac209a0}> (0x00000000eac209a0) 
thrown [s\src\hotspot\share\prims\jni.cpp, line 516]
Event: 526.529 Thread 0x0000016ebcd36690 Exception <a 'sun/nio/fs/WindowsException'{0x00000000eac24bd8}> (0x00000000eac24bd8) 
thrown [s\src\hotspot\share\prims\jni.cpp, line 516]
Event: 526.532 Thread 0x0000016ebcd36690 Exception <a 'sun/nio/fs/WindowsException'{0x00000000eac28460}> (0x00000000eac28460) 
thrown [s\src\hotspot\share\prims\jni.cpp, line 516]
Event: 528.760 Thread 0x0000016ebcd36690 Exception <a 'sun/nio/fs/WindowsException'{0x00000000ead07fe0}> (0x00000000ead07fe0) 
thrown [s\src\hotspot\share\prims\jni.cpp, line 516]
Event: 528.761 Thread 0x0000016ebcd36690 Exception <a 'sun/nio/fs/WindowsException'{0x00000000ead0c1f8}> (0x00000000ead0c1f8) 
thrown [s\src\hotspot\share\prims\jni.cpp, line 516]
Event: 528.764 Thread 0x0000016ebcd36690 Exception <a 'sun/nio/fs/WindowsException'{0x00000000ead0fa80}> (0x00000000ead0fa80) 
thrown [s\src\hotspot\share\prims\jni.cpp, line 516]
Event: 531.462 Thread 0x0000016ebe57f030 Implicit null exception at 0x0000016ead6c0f4f to 0x0000016ead6c1df0

VM Operations (20 events):
Event: 513.277 Executing VM operation: Cleanup
Event: 513.278 Executing VM operation: Cleanup done
Event: 513.297 Executing VM operation: CollectForMetadataAllocation
Event: 513.427 Executing VM operation: CollectForMetadataAllocation done
Event: 518.483 Executing VM operation: Cleanup
Event: 518.483 Executing VM operation: Cleanup done
Event: 526.555 Executing VM operation: Cleanup
Event: 526.555 Executing VM operation: Cleanup done
Event: 529.567 Executing VM operation: Cleanup
Event: 529.567 Executing VM operation: Cleanup done
Event: 531.535 Executing VM operation: HandshakeAllThreads
Event: 531.535 Executing VM operation: HandshakeAllThreads done
Event: 531.535 Executing VM operation: Cleanup
Event: 531.536 Executing VM operation: Cleanup done
Event: 531.594 Executing VM operation: ParallelGCFailedAllocation
Event: 531.600 Executing VM operation: ParallelGCFailedAllocation done
Event: 531.660 Executing VM operation: ParallelGCFailedAllocation
Event: 531.664 Executing VM operation: ParallelGCFailedAllocation done
Event: 531.681 Executing VM operation: HandshakeAllThreads
Event: 531.681 Executing VM operation: HandshakeAllThreads done

Events (20 events):
Event: 312.732 loading class java/io/ObjectOutputStream$HandleTable
Event: 312.732 loading class java/io/ObjectOutputStream$HandleTable done
Event: 312.732 loading class java/io/ObjectOutputStream$ReplaceTable
Event: 312.733 loading class java/io/ObjectOutputStream$ReplaceTable done
Event: 343.969 Thread 0x0000016ebe57d350 Thread exited: 0x0000016ebe57d350
Event: 453.883 Thread 0x0000016ebddc14a0 Thread added: 0x0000016ebddc14a0
Event: 454.582 Thread 0x0000016ebddc14a0 Thread exited: 0x0000016ebddc14a0
Event: 531.454 Thread 0x0000016ebe57f030 Thread added: 0x0000016ebe57f030
Event: 531.474 Thread 0x0000016ebddc14a0 Thread added: 0x0000016ebddc14a0
Event: 531.484 Thread 0x0000016ebe51ec50 Thread added: 0x0000016ebe51ec50
Event: 531.552 Thread 0x0000016ea2ccbf90 flushing nmethod 0x0000016ea62ccb90
Event: 531.552 Thread 0x0000016ea2ccbf90 flushing nmethod 0x0000016ea62d3e90
Event: 531.690 loading class java/lang/invoke/BoundMethodHandle$Species_LLLLLLLLLL
Event: 531.690 loading class java/lang/invoke/BoundMethodHandle$Species_LLLLLLLLLL done
Event: 531.692 loading class java/lang/invoke/BoundMethodHandle$Species_LLLLLLLLLLL
Event: 531.692 loading class java/lang/invoke/BoundMethodHandle$Species_LLLLLLLLLLL done
Event: 531.694 loading class java/lang/invoke/BoundMethodHandle$Species_LLLLLLLLLLLL
Event: 531.694 loading class java/lang/invoke/BoundMethodHandle$Species_LLLLLLLLLLLL done
Event: 531.696 loading class java/lang/invoke/BoundMethodHandle$Species_LLLLLLLLLLLLL
Event: 531.696 loading class java/lang/invoke/BoundMethodHandle$Species_LLLLLLLLLLLLL done


Dynamic libraries:
0x00007ff675ee0000 - 0x00007ff675eee000 	c:\Users\13582\.vscode\extensions\redhat.java-1.21.0-win32-x64\jre\17.0.7-win32-x86_64\bin\java.exe
0x00007fff5b090000 - 0x00007fff5b2a4000 	C:\Windows\SYSTEM32\ntdll.dll
0x00007fff59bf0000 - 0x00007fff59cb3000 	C:\Windows\System32\KERNEL32.DLL
0x00007fff589e0000 - 0x00007fff58d7c000 	C:\Windows\System32\KERNELBASE.dll
0x00007fff58d80000 - 0x00007fff58e91000 	C:\Windows\System32\ucrtbase.dll
0x00007fff44f20000 - 0x00007fff44f37000 	c:\Users\13582\.vscode\extensions\redhat.java-1.21.0-win32-x64\jre\17.0.7-win32-x86_64\bin\jli.dll
0x00007fff45100000 - 0x00007fff45119000 	c:\Users\13582\.vscode\extensions\redhat.java-1.21.0-win32-x64\jre\17.0.7-win32-x86_64\bin\VCRUNTIME140.dll
0x00007fff59920000 - 0x00007fff59acd000 	C:\Windows\System32\USER32.dll
0x00007fff44740000 - 0x00007fff449ce000 	C:\Windows\WinSxS\amd64_microsoft.windows.common-controls_6595b64144ccf1df_6.0.22621.436_none_a94247dbc10d8414\COMCTL32.dll
0x00007fff58540000 - 0x00007fff58566000 	C:\Windows\System32\win32u.dll
0x00007fff59f30000 - 0x00007fff59fd7000 	C:\Windows\System32\msvcrt.dll
0x00007fff59660000 - 0x00007fff59689000 	C:\Windows\System32\GDI32.dll
0x00007fff58570000 - 0x00007fff58682000 	C:\Windows\System32\gdi32full.dll
0x00007fff58690000 - 0x00007fff5872a000 	C:\Windows\System32\msvcp_win.dll
0x00007fff5b010000 - 0x00007fff5b042000 	C:\Windows\System32\IMM32.DLL
0x00007fff3da20000 - 0x00007fff3dafd000 	C:\Program Files\Windhawk\Engine\1.3.1\64\windhawk.dll
0x00007fff5a550000 - 0x00007fff5a5fe000 	C:\Windows\System32\ADVAPI32.dll
0x00007fff593b0000 - 0x00007fff59454000 	C:\Windows\System32\sechost.dll
0x00007fff59ad0000 - 0x00007fff59be5000 	C:\Windows\System32\RPCRT4.dll
0x00007fff52340000 - 0x00007fff5234c000 	c:\Users\13582\.vscode\extensions\redhat.java-1.21.0-win32-x64\jre\17.0.7-win32-x86_64\bin\vcruntime140_1.dll
0x00007fff3c770000 - 0x00007fff3c801000 	c:\Users\13582\.vscode\extensions\redhat.java-1.21.0-win32-x64\jre\17.0.7-win32-x86_64\bin\msvcp140.dll
0x00007fff120f0000 - 0x00007fff12d38000 	c:\Users\13582\.vscode\extensions\redhat.java-1.21.0-win32-x64\jre\17.0.7-win32-x86_64\bin\server\jvm.dll
0x00007fff50370000 - 0x00007fff503a4000 	C:\Windows\SYSTEM32\WINMM.dll
0x00007fff40b70000 - 0x00007fff40b79000 	C:\Windows\SYSTEM32\WSOCK32.dll
0x00007fff46d40000 - 0x00007fff46d4a000 	C:\Windows\SYSTEM32\VERSION.dll
0x00007fff5a460000 - 0x00007fff5a4d1000 	C:\Windows\System32\ws2_32.DLL
0x00007fff574e0000 - 0x00007fff574f8000 	C:\Windows\SYSTEM32\kernel.appcore.dll
0x00007fff50130000 - 0x00007fff5013a000 	c:\Users\13582\.vscode\extensions\redhat.java-1.21.0-win32-x64\jre\17.0.7-win32-x86_64\bin\jimage.dll
0x00007fff4ec30000 - 0x00007fff4ee5e000 	C:\Windows\SYSTEM32\DBGHELP.DLL
0x00007fff58ea0000 - 0x00007fff5922a000 	C:\Windows\System32\combase.dll
0x00007fff59840000 - 0x00007fff59917000 	C:\Windows\System32\OLEAUT32.dll
0x00007fff47a90000 - 0x00007fff47ac2000 	C:\Windows\SYSTEM32\dbgcore.DLL
0x00007fff587f0000 - 0x00007fff5886b000 	C:\Windows\System32\bcryptPrimitives.dll
0x00007fff500c0000 - 0x00007fff500ce000 	c:\Users\13582\.vscode\extensions\redhat.java-1.21.0-win32-x64\jre\17.0.7-win32-x86_64\bin\instrument.dll
0x00007fff43bb0000 - 0x00007fff43bd5000 	c:\Users\13582\.vscode\extensions\redhat.java-1.21.0-win32-x64\jre\17.0.7-win32-x86_64\bin\java.dll
0x00007fff3db20000 - 0x00007fff3db38000 	c:\Users\13582\.vscode\extensions\redhat.java-1.21.0-win32-x64\jre\17.0.7-win32-x86_64\bin\zip.dll
0x00007fff5a600000 - 0x00007fff5adef000 	C:\Windows\System32\SHELL32.dll
0x00007fff56470000 - 0x00007fff56d3c000 	C:\Windows\SYSTEM32\windows.storage.dll
0x00007fff56330000 - 0x00007fff5646e000 	C:\Windows\SYSTEM32\wintypes.dll
0x00007fff59d40000 - 0x00007fff59e31000 	C:\Windows\System32\SHCORE.dll
0x00007fff59600000 - 0x00007fff5965e000 	C:\Windows\System32\shlwapi.dll
0x00007fff58400000 - 0x00007fff58421000 	C:\Windows\SYSTEM32\profapi.dll
0x00007fff3f110000 - 0x00007fff3f129000 	C:\Users\13582\.vscode\extensions\redhat.java-1.21.0-win32-x64\jre\17.0.7-win32-x86_64\bin\net.dll
0x00007fff51490000 - 0x00007fff515bf000 	C:\Windows\SYSTEM32\WINHTTP.dll
0x00007fff579b0000 - 0x00007fff57a19000 	C:\Windows\system32\mswsock.dll
0x00007fff3f0f0000 - 0x00007fff3f105000 	C:\Users\13582\.vscode\extensions\redhat.java-1.21.0-win32-x64\jre\17.0.7-win32-x86_64\bin\nio.dll
0x00007fff50090000 - 0x00007fff500a0000 	c:\Users\13582\.vscode\extensions\redhat.java-1.21.0-win32-x64\jre\17.0.7-win32-x86_64\bin\verify.dll
0x00007fff3c6f0000 - 0x00007fff3c72e000 	C:\Users\13582\AppData\Roaming\Code\User\globalStorage\redhat.java\1.21.0\config_win\org.eclipse.equinox.launcher\org.eclipse.equinox.launcher.win32.win32.x86_64_1.2.700.v20221108-1024\eclipse_11801.dll
0x00007fff59460000 - 0x00007fff595fc000 	C:\Windows\System32\ole32.dll
0x00007fff57d50000 - 0x00007fff57d6b000 	C:\Windows\SYSTEM32\CRYPTSP.dll
0x00007fff57450000 - 0x00007fff57485000 	C:\Windows\system32\rsaenh.dll
0x00007fff57a50000 - 0x00007fff57a78000 	C:\Windows\SYSTEM32\USERENV.dll
0x00007fff57e90000 - 0x00007fff57eb8000 	C:\Windows\SYSTEM32\bcrypt.dll
0x00007fff57d30000 - 0x00007fff57d3c000 	C:\Windows\SYSTEM32\CRYPTBASE.dll
0x00007fff56f90000 - 0x00007fff56fbd000 	C:\Windows\SYSTEM32\IPHLPAPI.DLL
0x00007fff59d30000 - 0x00007fff59d39000 	C:\Windows\System32\NSI.dll
0x00007fff50730000 - 0x00007fff50749000 	C:\Windows\SYSTEM32\dhcpcsvc6.DLL
0x00007fff50710000 - 0x00007fff5072f000 	C:\Windows\SYSTEM32\dhcpcsvc.DLL
0x00007fff56fc0000 - 0x00007fff570b3000 	C:\Windows\SYSTEM32\DNSAPI.dll
0x00007fff35740000 - 0x00007fff35785000 	C:\Users\13582\AppData\Local\Temp\jna-46824589\jna2165525361477910165.dll
0x00007fff5ae40000 - 0x00007fff5ae48000 	C:\Windows\System32\PSAPI.DLL
0x00007fff4eba0000 - 0x00007fff4ebae000 	C:\Users\13582\.vscode\extensions\redhat.java-1.21.0-win32-x64\jre\17.0.7-win32-x86_64\bin\sunmscapi.dll
0x00007fff57e60000 - 0x00007fff57e8d000 	C:\Windows\SYSTEM32\ncrypt.dll
0x0000016ec07d0000 - 0x0000016ec0936000 	C:\Windows\System32\CRYPT32.dll
0x00007fff57e20000 - 0x00007fff57e57000 	C:\Windows\SYSTEM32\NTASN1.dll
0x00007fff4d390000 - 0x00007fff4d39a000 	C:\Windows\System32\rasadhlp.dll
0x00007fff4e070000 - 0x00007fff4e0f3000 	C:\Windows\System32\fwpuclnt.dll

dbghelp: loaded successfully - version: 4.0.5 - missing functions: none
symbol engine: initialized successfully - sym options: 0x614 - pdb path: .;c:\Users\13582\.vscode\extensions\redhat.java-1.21.0-win32-x64\jre\17.0.7-win32-x86_64\bin;C:\Windows\SYSTEM32;C:\Windows\WinSxS\amd64_microsoft.windows.common-controls_6595b64144ccf1df_6.0.22621.436_none_a94247dbc10d8414;C:\Program Files\Windhawk\Engine\1.3.1\64;c:\Users\13582\.vscode\extensions\redhat.java-1.21.0-win32-x64\jre\17.0.7-win32-x86_64\bin\server;C:\Users\13582\AppData\Roaming\Code\User\globalStorage\redhat.java\1.21.0\config_win\org.eclipse.equinox.launcher\org.eclipse.equinox.launcher.win32.win32.x86_64_1.2.700.v20221108-1024;C:\Users\13582\AppData\Local\Temp\jna-46824589

VM Arguments:
jvm_args: --add-modules=ALL-SYSTEM --add-opens=java.base/java.util=ALL-UNNAMED --add-opens=java.base/java.lang=ALL-UNNAMED --add-opens=java.base/sun.nio.fs=ALL-UNNAMED -Declipse.application=org.eclipse.jdt.ls.core.id1 -Dosgi.bundles.defaultStartLevel=4 -Declipse.product=org.eclipse.jdt.ls.core.product -Djava.import.generatesMetadataFilesAtProjectRoot=false -Dfile.encoding=utf8 -XX:+UseParallelGC -XX:GCTimeRatio=4 -XX:AdaptiveSizePolicyWeight=90 -Dsun.zip.disableMemoryMapping=true -Xmx1G -Xms100m -Xlog:disable -javaagent:c:\Users\13582\.vscode\extensions\redhat.java-1.21.0-win32-x64\lombok\lombok-1.18.28.jar -XX:+HeapDumpOnOutOfMemoryError -XX:HeapDumpPath=c:\Users\13582\AppData\Roaming\Code\User\workspaceStorage\07d659304832dd2c990307c325d8111e\redhat.java -Daether.dependencyCollector.impl=bf 
java_command: c:\Users\13582\.vscode\extensions\redhat.java-1.21.0-win32-x64\server\plugins\org.eclipse.equinox.launcher_1.6.500.v20230717-2134.jar -configuration c:\Users\13582\AppData\Roaming\Code\User\globalStorage\redhat.java\1.21.0\config_win -data c:\Users\13582\AppData\Roaming\Code\User\workspaceStorage\07d659304832dd2c990307c325d8111e\redhat.java\jdt_ws
java_class_path (initial): c:\Users\13582\.vscode\extensions\redhat.java-1.21.0-win32-x64\server\plugins\org.eclipse.equinox.launcher_1.6.500.v20230717-2134.jar
Launcher Type: SUN_STANDARD

[Global flags]
    uintx AdaptiveSizePolicyWeight                 = 90                                        {product} {command line}
     intx CICompilerCount                          = 4                                         {product} {ergonomic}
    uintx GCTimeRatio                              = 4                                         {product} {command line}
     bool HeapDumpOnOutOfMemoryError               = true                                   {manageable} {command line}
    ccstr HeapDumpPath                             = c:\Users\13582\AppData\Roaming\Code\User\workspaceStorage\07d659304832dd2c990307c325d8111e\redhat.java         {manageable} {command line}
   size_t InitialHeapSize                          = 104857600                                 {product} {command line}
   size_t MaxHeapSize                              = 1073741824                                {product} {command line}
   size_t MaxNewSize                               = 357564416                                 {product} {ergonomic}
   size_t MinHeapDeltaBytes                        = 524288                                    {product} {ergonomic}
   size_t MinHeapSize                              = 104857600                                 {product} {command line}
   size_t NewSize                                  = 34603008                                  {product} {ergonomic}
    uintx NonNMethodCodeHeapSize                   = 5839372                                {pd product} {ergonomic}
    uintx NonProfiledCodeHeapSize                  = 122909434                              {pd product} {ergonomic}
   size_t OldSize                                  = 70254592                                  {product} {ergonomic}
    uintx ProfiledCodeHeapSize                     = 122909434                              {pd product} {ergonomic}
    uintx ReservedCodeCacheSize                    = 251658240                              {pd product} {ergonomic}
     bool SegmentedCodeCache                       = true                                      {product} {ergonomic}
   size_t SoftMaxHeapSize                          = 1073741824                             {manageable} {ergonomic}
     bool UseCompressedClassPointers               = true                           {product lp64_product} {ergonomic}
     bool UseCompressedOops                        = true                           {product lp64_product} {ergonomic}
     bool UseLargePagesIndividualAllocation        = false                                  {pd product} {ergonomic}
     bool UseParallelGC                            = true                                      {product} {command line}

Logging:
Log output configuration:
 #0: stdout all=off uptime,level,tags
 #1: stderr all=off uptime,level,tags

Environment Variables:
PATH=H:\\CentOS7\VMware\vm\bin\;C:\Program Files\Common Files\Oracle\Java\javapath;C:\Program Files (x86)\Common Files\Oracle\Java\javapath;C:\Windows\system32;C:\Windows;C:\Windows\System32\Wbem;C:\Windows\System32\WindowsPowerShell\v1.0\;C:\Program Files\Git\cmd;C:\Program Files\dotnet\;C:\Program Files\nodejs\;C:\Windows\System32\OpenSSH\;C:\MinGW\mingw64\bin;;C:\Program Files\Microsoft VS Code\bin;C:\Program Files (x86)\oh-my-posh\bin;C:\Program Files (x86)\Tencent\web\dll;C:\Users\13582\AppData\Local\Microsoft\WindowsApps;C:\Users\13582\AppData\Roaming\npm;%MINGW64%\bin;C:\Users\13582\AppData\Local\Microsoft\WindowsApps;C:\MinGW\mingw64\bin;C:\Users\13582\AppData\Local\GitHubDesktop\bin
USERNAME=13582
OS=Windows_NT
PROCESSOR_IDENTIFIER=Intel64 Family 6 Model 142 Stepping 10, GenuineIntel
TMP=C:\Users\13582\AppData\Local\Temp
TEMP=C:\Users\13582\AppData\Local\Temp



---------------  S Y S T E M  ---------------

OS:
 Windows 11 , 64 bit Build 22621 (10.0.22621.1245)
OS uptime: 0 days 3:27 hours
Hyper-V role detected

CPU: total 8 (initial active 8) (4 cores per cpu, 2 threads per core) family 6 model 142 stepping 10 microcode 0xf0, cx8, cmov, fxsr, ht, mmx, 3dnowpref, sse, sse2, sse3, ssse3, sse4.1, sse4.2, popcnt, lzcnt, tsc, tscinvbit, avx, avx2, aes, erms, clmul, bmi1, bmi2, adx, fma, vzeroupper, clflush, clflushopt, hv

Memory: 4k page, system-wide physical 8108M (1810M free)
TotalPageFile size 10156M (AvailPageFile size 0M)
current process WorkingSet (physical memory assigned to process): 214M, peak: 227M
current process commit charge ("private bytes"): 281M, peak: 304M

vm_info: OpenJDK 64-Bit Server VM (17.0.7+7) for windows-amd64 JRE (17.0.7+7), built on Apr 18 2023 22:10:42 by "temurin" with MS VC++ 16.7 (VS2019)

END.
